************************************************************************************************************************
***             WIDEN YOUR WINDOW TO 120 CHARACTERS.  Use 'enscript -r -fCourier9' to print this document            ***
************************************************************************************************************************

---------------------------------------------- PETSc Performance Summary: ----------------------------------------------

vDef on a Darwin-gcc7.1-mef90-g named Blaises-Laptop.local with 3 processors, by blaise Thu Aug 17 21:47:37 2017
Using Petsc Release Version 3.3.0, Patch 7, Sat May 11 22:15:24 CDT 2013 

                         Max       Max/Min        Avg      Total 
Time (sec):           2.326e+02      1.00000   2.326e+02
Objects:              1.160e+05      1.00001   1.160e+05
Flops:                2.652e+09      1.04685   2.596e+09  7.788e+09
Flops/sec:            1.140e+07      1.04685   1.116e+07  3.348e+07
Memory:               2.523e+06      1.12873              7.111e+06
MPI Messages:         7.055e+04      1.03234   6.915e+04  2.075e+05
MPI Message Lengths:  3.132e+07      1.09298   4.395e+02  9.119e+07
MPI Reductions:       3.442e+05      1.00000

Flop counting convention: 1 flop = 1 real number operation of type (multiply/divide/add/subtract)
                            e.g., VecAXPY() for real vectors of length N --> 2N flops
                            and VecAXPY() for complex vectors of length N --> 8N flops

Summary of Stages:   ----- Time ------  ----- Flops -----  --- Messages ---  -- Message Lengths --  -- Reductions --
                        Avg     %Total     Avg     %Total   counts   %Total     Avg         %Total   counts   %Total 
 0:      Main Stage: 2.3248e+02  99.9%  7.7878e+09 100.0%  2.074e+05 100.0%  4.395e+02      100.0%  3.053e+05  88.7% 

------------------------------------------------------------------------------------------------------------------------
See the 'Profiling' chapter of the users' manual for details on interpreting output.
Phase summary info:
   Count: number of times phase was executed
   Time and Flops: Max - maximum over all processors
                   Ratio - ratio of maximum to minimum over all processors
   Mess: number of messages sent
   Avg. len: average message length
   Reduct: number of global reductions
   Global: entire computation
   Stage: stages of a computation. Set stages with PetscLogStagePush() and PetscLogStagePop().
      %T - percent time in this phase         %f - percent flops in this phase
      %M - percent messages in this phase     %L - percent message lengths in this phase
      %R - percent reductions in this phase
   Total Mflop/s: 10e-6 * (sum of flops over all processors)/(max time over all processors)
------------------------------------------------------------------------------------------------------------------------


      ##########################################################
      #                                                        #
      #                          WARNING!!!                    #
      #                                                        #
      #   This code was compiled with a debugging option,      #
      #   To get timing results run ./configure                #
      #   using --with-debugging=no, the performance will      #
      #   be generally two or three times faster.              #
      #                                                        #
      ##########################################################


Event                Count      Time (sec)     Flops                             --- Global ---  --- Stage ---   Total
                   Max Ratio  Max     Ratio   Max  Ratio  Mess   Avg len Reduct  %T %f %M %L %R  %T %f %M %L %R Mflop/s
------------------------------------------------------------------------------------------------------------------------

--- Event Stage 0: Main Stage

VecMax               109 1.0 1.1306e-03 1.1 0.00e+00 0.0 0.0e+00 0.0e+00 1.1e+02  0  0  0  0  0   0  0  0  0  0     0
VecMin               109 1.0 2.5632e-03 1.4 0.00e+00 0.0 0.0e+00 0.0e+00 1.1e+02  0  0  0  0  0   0  0  0  0  0     0
VecDot               172 1.0 2.2090e-02 1.2 2.59e+05 1.1 0.0e+00 0.0e+00 1.7e+02  0  0  0  0  0   0  0  0  0  0    34
VecMDot                1 1.0 2.5988e-05 1.3 6.02e+03 1.1 0.0e+00 0.0e+00 1.0e+00  0  0  0  0  0   0  0  0  0  0   670
VecTDot            30614 1.0 2.1765e+00 1.2 8.13e+07 1.1 0.0e+00 0.0e+00 3.1e+04  1  3  0  0  9   1  3  0  0 10   108
VecNorm            16865 1.0 1.2460e+00 1.3 4.38e+07 1.1 0.0e+00 0.0e+00 1.7e+04  0  2  0  0  5   0  2  0  0  6   101
VecScale              85 1.0 4.7326e-04 1.1 1.46e+05 1.0 0.0e+00 0.0e+00 0.0e+00  0  0  0  0  0   0  0  0  0  0   916
VecCopy             2222 1.0 1.1875e-02 1.1 0.00e+00 0.0 0.0e+00 0.0e+00 0.0e+00  0  0  0  0  0   0  0  0  0  0     0
VecSet             19315 1.0 3.9160e-02 1.0 0.00e+00 0.0 0.0e+00 0.0e+00 0.0e+00  0  0  0  0  0   0  0  0  0  0     0
VecAXPY            31510 1.0 1.1127e-01 1.1 8.37e+07 1.1 0.0e+00 0.0e+00 0.0e+00  0  3  0  0  0   0  3  0  0  0  2167
VecAYPX            15307 1.0 1.1832e-01 1.1 4.03e+07 1.1 0.0e+00 0.0e+00 0.0e+00  0  1  0  0  0   0  1  0  0  0   981
VecWAXPY             281 1.0 2.2645e-03 1.1 2.85e+05 1.0 0.0e+00 0.0e+00 0.0e+00  0  0  0  0  0   0  0  0  0  0   371
VecMAXPY               1 1.0 1.3113e-05 1.6 6.02e+03 1.1 0.0e+00 0.0e+00 0.0e+00  0  0  0  0  0   0  0  0  0  0  1328
VecAssemblyBegin    1173 1.0 6.5655e-02 1.5 0.00e+00 0.0 1.7e+03 1.2e+01 3.5e+03  0  0  1  0  1   0  0  1  0  1     0
VecAssemblyEnd      1173 1.0 7.0586e-03 1.7 0.00e+00 0.0 0.0e+00 0.0e+00 0.0e+00  0  0  0  0  0   0  0  0  0  0     0
VecScatterBegin    38221 1.0 3.6438e-01 1.1 0.00e+00 0.0 1.3e+05 4.7e+02 0.0e+00  0  0 62 67  0   0  0 62 67  0     0
VecScatterEnd      37605 1.0 4.9490e-01 1.3 0.00e+00 0.0 0.0e+00 0.0e+00 0.0e+00  0  0  0  0  0   0  0  0  0  0     0
VecReduceArith      1261 1.0 3.7301e-03 1.0 3.11e+06 1.1 0.0e+00 0.0e+00 0.0e+00  0  0  0  0  0   0  0  0  0  0  2414
VecReduceComm        623 1.0 1.1885e-01 1.2 0.00e+00 0.0 0.0e+00 0.0e+00 6.2e+02  0  0  0  0  0   0  0  0  0  0     0
VecNormalize           1 1.0 5.8889e-05 1.1 4.52e+03 1.1 0.0e+00 0.0e+00 1.0e+00  0  0  0  0  0   0  0  0  0  0   222
MatMult            15884 1.0 2.7781e+01 1.0 5.44e+08 1.1 8.6e+04 4.6e+02 0.0e+00 12 20 41 43  0  12 20 41 43  0    56
MatSolve           16117 1.0 2.1113e+00 1.1 5.39e+08 1.1 0.0e+00 0.0e+00 0.0e+00  1 20  0  0  0   1 20  0  0  0   734
MatLUFactorNum       128 1.0 6.6943e-02 1.2 4.81e+06 1.2 0.0e+00 0.0e+00 0.0e+00  0  0  0  0  0   0  0  0  0  0   202
MatILUFactorSym       96 1.0 1.6002e-02 1.8 0.00e+00 0.0 0.0e+00 0.0e+00 9.6e+01  0  0  0  0  0   0  0  0  0  0     0
MatAssemblyBegin    1156 1.0 1.7352e+00 1.1 0.00e+00 0.0 3.6e+03 3.7e+03 2.0e+03  1  0  2 15  1   1  0  2 15  1     0
MatAssemblyEnd      1156 1.0 1.6096e+0010.2 0.00e+00 0.0 4.5e+02 1.4e+01 6.4e+03  0  0  0  0  2   0  0  0  0  2     0
MatGetRowIJ           96 1.5 1.0633e-04 1.4 0.00e+00 0.0 0.0e+00 0.0e+00 0.0e+00  0  0  0  0  0   0  0  0  0  0     0
MatGetOrdering        96 1.5 6.5789e-03 1.8 0.00e+00 0.0 0.0e+00 0.0e+00 1.7e+02  0  0  0  0  0   0  0  0  0  0     0
MatZeroEntries       405 1.0 8.3368e-03 1.1 0.00e+00 0.0 0.0e+00 0.0e+00 0.0e+00  0  0  0  0  0   0  0  0  0  0     0
DMMeshGetGlobalScatter    6560 1.0 3.1356e+01 1.0 0.00e+00 0.0 3.9e+04 1.1e+02 6.6e+04 13  0 19  5 19  13  0 19  5 21     0
DMMeshAssembleMatrix  565380 1.0 9.2607e+00 1.0 0.00e+00 0.0 3.6e+01 8.6e+01 2.0e+00  4  0  0  0  0   4  0  0  0  0     0
DMMeshUpdateOperator  565380 1.0 1.8246e+00 1.0 0.00e+00 0.0 0.0e+00 0.0e+00 0.0e+00  1  0  0  0  0   1  0  0  0  0     0
stratify               2 1.0 1.8804e-01 4.2 0.00e+00 0.0 0.0e+00 0.0e+00 0.0e+00  0  0  0  0  0   0  0  0  0  0     0
DistributeMesh         1 1.0 1.5685e-01 1.2 0.00e+00 0.0 1.6e+01 6.3e+03 0.0e+00  0  0  0  0  0   0  0  0  0  0     0
PartitionCreate        1 1.0 4.2615e-02143.5 0.00e+00 0.0 0.0e+00 0.0e+00 0.0e+00  0  0  0  0  0   0  0  0  0  0     0
PartitionClosure       1 1.0 2.7785e-023066.8 0.00e+00 0.0 0.0e+00 0.0e+00 0.0e+00  0  0  0  0  0   0  0  0  0  0     0
DistributeCoords       1 1.0 1.3809e-02 4.2 0.00e+00 0.0 8.0e+00 5.1e+03 0.0e+00  0  0  0  0  0   0  0  0  0  0     0
DistributeLabels       1 1.0 5.7442e-02 1.4 0.00e+00 0.0 1.2e+01 1.7e+03 0.0e+00  0  0  0  0  0   0  0  0  0  0     0
CreateOverlap          1 1.0 2.6607e-0214.6 0.00e+00 0.0 0.0e+00 0.0e+00 5.0e+00  0  0  0  0  0   0  0  0  0  0     0
SNESSolve            218 1.0 2.1747e+02 1.0 2.63e+09 1.0 2.0e+05 4.0e+02 2.9e+05 93 99 97 89 84  94 99 97 89 95    36
SNESFunctionEval    1089 1.0 1.3374e+02 1.0 7.14e+08 1.0 1.0e+05 2.2e+02 1.3e+05 57 27 48 24 37  58 27 48 24 41    16
SNESJacobianEval     405 1.0 4.1000e+01 1.0 5.80e+08 1.0 1.4e+04 1.2e+03 2.2e+04 18 22  7 19  6  18 22  7 19  7    42
SNESLineSearch       405 1.0 1.1073e+02 1.0 5.74e+08 1.0 8.5e+04 2.2e+02 1.1e+05 48 22 41 20 32  48 22 41 20 36    16
KSPSetUp             533 1.0 2.4987e-02 1.1 0.00e+00 0.0 0.0e+00 0.0e+00 1.9e+02  0  0  0  0  0   0  0  0  0  0     0
KSPSolve             405 1.0 3.8093e+01 1.0 1.33e+09 1.1 8.5e+04 4.6e+02 1.3e+05 16 49 41 43 36  16 49 41 43 41   101
PCSetUp              256 1.0 4.0437e-01 1.1 4.81e+06 1.2 0.0e+00 0.0e+00 7.7e+02  0  0  0  0  0   0  0  0  0  0    34
PCSetUpOnBlocks      405 1.0 3.9883e-01 1.1 4.81e+06 1.2 0.0e+00 0.0e+00 3.9e+02  0  0  0  0  0   0  0  0  0  0    34
PCApply            16117 1.0 4.3913e+00 1.0 5.39e+08 1.1 0.0e+00 0.0e+00 3.2e+04  2 20  0  0  9   2 20  0  0 11   353
------------------------------------------------------------------------------------------------------------------------

Memory usage is given in bytes:

Object Type          Creations   Destructions     Memory  Descendants' Mem.
Reports information only for process 0.

--- Event Stage 0: Main Stage

           Container   103             99        54252     0
              Viewer    29             26        18512     0
              Vector 37687          37673    162046328     0
      Vector Scatter  7826           7821      7956124     0
              Matrix   790            784      6862244     0
   Matrix Null Space     1              0            0     0
    Distributed Mesh    10              7        30688     0
         SectionReal 22942          22941     14131656     0
     Bipartite Graph    20             14         9576     0
           Index Set 46598          46246     35406468     0
   IS L to G Mapping     2              0            0     0
                SNES     2              2         2556     0
      SNESLineSearch     2              2         1672     0
       Krylov Solver     4              4         4736     0
      Preconditioner     4              4         3568     0
========================================================================================================================
Average time to get PetscTime(): 9.53674e-08
Average time for MPI_Barrier(): 1.57356e-06
Average time for zero size MPI_Send(): 1.35104e-06
#PETSc Option Table entries:
-boundaryDisplacement_scaling linear
-cs0001_FractureToughness 1.
-cs0001_damageBC no
-cs0001_damage_type AT1
-cs0001_displacementbc no,no,no
-cs0001_hookesLaw_PlaneStress 0
-cs0001_hookesLaw_PoissonRatio 0.
-cs0001_hookesLaw_YoungsModulus 1.
-cs0001_hookesLaw_type isotropic
-cs0001_internallength .05
-cs0001_plasticity_type NONE
-cs0001_residualstiffness 0.
-cs0030_boundaryDisplacement 0.,-0.5,0.
-cs0030_damageBC no
-cs0030_displacementbc yes,yes,no
-cs0040_boundaryDisplacement 0.,0.5,0.
-cs0040_damageBC no
-cs0040_displacementbc yes,yes,no
-cs0050_FractureToughness 1.
-cs0050_damageBC no
-cs0050_damage_type AT1
-cs0050_displacementbc no,no,no
-cs0050_hookesLaw_PlaneStress 0
-cs0050_hookesLaw_PoissonRatio 0.
-cs0050_hookesLaw_YoungsModulus 1.
-cs0050_hookesLaw_type isotropic
-cs0050_internallength .05
-cs0050_plasticity_type NONE
-cs0050_residualstiffness 0.
-defmech_irrevthres 0.
-defmech_mode quasistatic
-heatxfer_mode null
-options_file_yaml InitialCrackUndamaged.yaml
-prefix InitialCrackReal
-temperature_offset 0
-time_max 2.5
-time_min 0
-time_numstep 21
-verbose 1
#End of PETSc Option Table entries
Compiled without FORTRAN kernels
Compiled with full precision matrices (default)
sizeof(short) 2 sizeof(int) 4 sizeof(long) 8 sizeof(void*) 8 sizeof(PetscScalar) 8 sizeof(PetscInt) 4
Configure run at: Thu Jul 27 22:24:01 2017
Configure options: --download-chaco=1 --download-exodusii=1 --download-hypre=1 --download-ml=1 --download-netcdf=ftp://ftp.unidata.ucar.edu/pub/netcdf/netcdf-4.3.3.1.tar.gz --download-yaml=1 --with-boost=1 --with-boost-dir=/usr/local --with-clanguage=C++ --with-cmake=cmake --with-debugging=1 --with-fortran-datatypes=1 --with-shared-libraries=1 --with-sieve --with-sieve-memory-logging --with-x11=1 --with-clib-autodetect=0 --with-fortranlib-autodetect=0
-----------------------------------------
Libraries compiled on Thu Jul 27 22:24:01 2017 on Blaises-Laptop.local 
Machine characteristics: Darwin-16.7.0-x86_64-i386-64bit
Using PETSc directory: /opt/HPC/petsc-3.3-p7
Using PETSc arch: Darwin-gcc7.1-mef90-g
-----------------------------------------

Using C compiler: mpicxx  -Wall -Wwrite-strings -Wno-strict-aliasing -Wno-unknown-pragmas -g   -fPIC   ${COPTFLAGS} ${CFLAGS}
Using Fortran compiler: mpif90  -fPIC -Wall -Wno-unused-variable -g   ${FOPTFLAGS} ${FFLAGS} 
-----------------------------------------

Using include paths: -I/opt/HPC/petsc-3.3-p7/Darwin-gcc7.1-mef90-g/include -I/opt/HPC/petsc-3.3-p7/include -I/opt/HPC/petsc-3.3-p7/include -I/opt/HPC/petsc-3.3-p7/Darwin-gcc7.1-mef90-g/include -I/usr/X11R6/include -I/opt/HPC/petsc-3.3-p7/include/sieve -I/usr/local/include -I/opt/HPC/petsc-3.3-p7/Darwin-gcc7.1-mef90-g/cbind/include -I/opt/HPC/petsc-3.3-p7/Darwin-gcc7.1-mef90-g/forbind/include -I/usr/local/Cellar/mpich/3.2_3/include
-----------------------------------------

Using C linker: mpicxx
Using Fortran linker: mpif90
Using libraries: -L/opt/HPC/petsc-3.3-p7/Darwin-gcc7.1-mef90-g/lib -L/opt/HPC/petsc-3.3-p7/Darwin-gcc7.1-mef90-g/lib -lpetsc -L/usr/X11R6/lib -lX11 -L/opt/HPC/petsc-3.3-p7/Darwin-gcc7.1-mef90-g/lib -lchaco -lHYPRE -lml -lpthread -lyaml -llapack -lblas -lexoIIv2for -lexodus -lnetcdf -lto_library -L/Applications/Xcode.app/Contents/Developer/Toolchains/XcodeDefault.xctoolchain/usr/lib  -lLTO -L/usr/local/Cellar/mpich/3.2_3/lib -ldl -lmpicxx -lmpi -lpmpi -lc++ -lSystem -L/Applications/Xcode.app/Contents/Developer/Toolchains/XcodeDefault.xctoolchain/usr/bin/../lib/clang/8.1.0/lib/darwin  -lclang_rt.osx -ldl 
-----------------------------------------

