************************************************************************************************************************
***             WIDEN YOUR WINDOW TO 120 CHARACTERS.  Use 'enscript -r -fCourier9' to print this document            ***
************************************************************************************************************************

---------------------------------------------- PETSc Performance Summary: ----------------------------------------------

vDef on a Darwin-gcc7.1-mef90-g named Blaises-Laptop.local with 3 processors, by blaise Thu Aug 17 21:55:40 2017
Using Petsc Release Version 3.3.0, Patch 7, Sat May 11 22:15:24 CDT 2013 

                         Max       Max/Min        Avg      Total 
Time (sec):           3.880e+02      1.00000   3.880e+02
Objects:              2.061e+05      1.00000   2.061e+05
Flops:                4.282e+09      1.04722   4.198e+09  1.259e+10
Flops/sec:            1.104e+07      1.04722   1.082e+07  3.246e+07
Memory:               2.541e+06      1.12499              7.181e+06
MPI Messages:         1.259e+05      1.06830   1.224e+05  3.671e+05
MPI Message Lengths:  5.186e+07      1.12050   4.058e+02  1.490e+08
MPI Reductions:       5.644e+05      1.00000

Flop counting convention: 1 flop = 1 real number operation of type (multiply/divide/add/subtract)
                            e.g., VecAXPY() for real vectors of length N --> 2N flops
                            and VecAXPY() for complex vectors of length N --> 8N flops

Summary of Stages:   ----- Time ------  ----- Flops -----  --- Messages ---  -- Message Lengths --  -- Reductions --
                        Avg     %Total     Avg     %Total   counts   %Total     Avg         %Total   counts   %Total 
 0:      Main Stage: 3.8783e+02 100.0%  1.2593e+10 100.0%  3.670e+05 100.0%  4.058e+02      100.0%  5.254e+05  93.1% 

------------------------------------------------------------------------------------------------------------------------
See the 'Profiling' chapter of the users' manual for details on interpreting output.
Phase summary info:
   Count: number of times phase was executed
   Time and Flops: Max - maximum over all processors
                   Ratio - ratio of maximum to minimum over all processors
   Mess: number of messages sent
   Avg. len: average message length
   Reduct: number of global reductions
   Global: entire computation
   Stage: stages of a computation. Set stages with PetscLogStagePush() and PetscLogStagePop().
      %T - percent time in this phase         %f - percent flops in this phase
      %M - percent messages in this phase     %L - percent message lengths in this phase
      %R - percent reductions in this phase
   Total Mflop/s: 10e-6 * (sum of flops over all processors)/(max time over all processors)
------------------------------------------------------------------------------------------------------------------------


      ##########################################################
      #                                                        #
      #                          WARNING!!!                    #
      #                                                        #
      #   This code was compiled with a debugging option,      #
      #   To get timing results run ./configure                #
      #   using --with-debugging=no, the performance will      #
      #   be generally two or three times faster.              #
      #                                                        #
      ##########################################################


Event                Count      Time (sec)     Flops                             --- Global ---  --- Stage ---   Total
                   Max Ratio  Max     Ratio   Max  Ratio  Mess   Avg len Reduct  %T %f %M %L %R  %T %f %M %L %R Mflop/s
------------------------------------------------------------------------------------------------------------------------

--- Event Stage 0: Main Stage

VecMax               231 1.0 2.3291e-03 1.1 0.00e+00 0.0 0.0e+00 0.0e+00 2.3e+02  0  0  0  0  0   0  0  0  0  0     0
VecMin               231 1.0 3.9394e-03 1.0 0.00e+00 0.0 0.0e+00 0.0e+00 2.3e+02  0  0  0  0  0   0  0  0  0  0     0
VecDot               348 1.0 5.0436e-02 1.3 5.21e+05 1.1 0.0e+00 0.0e+00 3.5e+02  0  0  0  0  0   0  0  0  0  0    30
VecMDot                1 1.0 3.1948e-05 1.5 5.99e+03 1.1 0.0e+00 0.0e+00 1.0e+00  0  0  0  0  0   0  0  0  0  0   542
VecTDot            49738 1.0 3.4577e+00 1.2 1.23e+08 1.1 0.0e+00 0.0e+00 5.0e+04  1  3  0  0  9   1  3  0  0  9   103
VecNorm            27629 1.0 1.9541e+00 1.3 6.68e+07 1.1 0.0e+00 0.0e+00 2.8e+04  0  2  0  0  5   0  2  0  0  5    98
VecScale              85 1.0 5.0235e-04 1.1 1.45e+05 1.0 0.0e+00 0.0e+00 0.0e+00  0  0  0  0  0   0  0  0  0  0   860
VecCopy             3982 1.0 2.0338e-02 1.1 0.00e+00 0.0 0.0e+00 0.0e+00 0.0e+00  0  0  0  0  0   0  0  0  0  0     0
VecSet             31663 1.0 6.3172e-02 1.1 0.00e+00 0.0 0.0e+00 0.0e+00 0.0e+00  0  0  0  0  0   0  0  0  0  0     0
VecAXPY            51292 1.0 1.7456e-01 1.1 1.27e+08 1.1 0.0e+00 0.0e+00 0.0e+00  0  3  0  0  0   0  3  0  0  0  2100
VecAYPX            24869 1.0 1.8271e-01 1.1 6.11e+07 1.1 0.0e+00 0.0e+00 0.0e+00  0  1  0  0  0   0  1  0  0  0   962
VecWAXPY             579 1.0 5.0960e-03 1.2 5.89e+05 1.0 0.0e+00 0.0e+00 0.0e+00  0  0  0  0  0   0  0  0  0  0   341
VecMAXPY               1 1.0 1.1206e-05 1.6 5.99e+03 1.1 0.0e+00 0.0e+00 0.0e+00  0  0  0  0  0   0  0  0  0  0  1546
VecAssemblyBegin    2007 1.0 1.0868e-01 1.4 0.00e+00 0.0 4.0e+03 1.0e+01 6.0e+03  0  0  1  0  1   0  0  1  0  1     0
VecAssemblyEnd      2007 1.0 1.4271e-02 2.1 0.00e+00 0.0 0.0e+00 0.0e+00 0.0e+00  0  0  0  0  0   0  0  0  0  0     0
VecScatterBegin    65334 1.0 6.3534e-01 1.1 0.00e+00 0.0 2.2e+05 4.4e+02 0.0e+00  0  0 61 66  0   0  0 61 66  0     0
VecScatterEnd      64662 1.0 7.4859e-01 1.3 0.00e+00 0.0 0.0e+00 0.0e+00 0.0e+00  0  0  0  0  0   0  0  0  0  0     0
VecReduceArith      2271 1.0 7.1728e-03 1.1 5.41e+06 1.1 0.0e+00 0.0e+00 0.0e+00  0  0  0  0  0   0  0  0  0  0  2182
VecReduceComm       1181 1.0 2.2037e-01 1.2 0.00e+00 0.0 0.0e+00 0.0e+00 1.2e+03  0  0  0  0  0   0  0  0  0  0     0
VecNormalize           1 1.0 6.0081e-05 1.1 4.49e+03 1.1 0.0e+00 0.0e+00 1.0e+00  0  0  0  0  0   0  0  0  0  0   216
MatMult            25936 1.0 4.2246e+01 1.0 8.27e+08 1.1 1.5e+05 4.3e+02 0.0e+00 11 19 40 42  0  11 19 40 42  0    56
MatSolve           26307 1.1 3.2434e+00 1.1 8.18e+08 1.1 0.0e+00 0.0e+00 0.0e+00  1 19  0  0  0   1 19  0  0  0   725
MatLUFactorNum       203 1.0 9.2388e-02 1.2 6.75e+06 1.2 0.0e+00 0.0e+00 0.0e+00  0  0  0  0  0   0  0  0  0  0   207
MatILUFactorSym      141 1.0 1.6155e-02 1.3 0.00e+00 0.0 0.0e+00 0.0e+00 1.4e+02  0  0  0  0  0   0  0  0  0  0     0
MatAssemblyBegin    2136 1.0 3.7768e+00 1.5 0.00e+00 0.0 6.5e+03 3.6e+03 3.6e+03  1  0  2 15  1   1  0  2 15  1     0
MatAssemblyEnd      2136 1.0 2.7047e+00 9.6 0.00e+00 0.0 2.6e+03 1.7e+01 1.2e+04  0  0  1  0  2   0  0  1  0  2     0
MatGetRowIJ          141 1.4 1.6212e-04 1.6 0.00e+00 0.0 0.0e+00 0.0e+00 0.0e+00  0  0  0  0  0   0  0  0  0  0     0
MatGetOrdering       141 1.4 9.1977e-03 1.6 0.00e+00 0.0 0.0e+00 0.0e+00 2.6e+02  0  0  0  0  0   0  0  0  0  0     0
MatZeroEntries       719 1.0 1.3880e-02 1.1 0.00e+00 0.0 0.0e+00 0.0e+00 0.0e+00  0  0  0  0  0   0  0  0  0  0     0
DMMeshGetGlobalScatter   12027 1.0 5.5429e+01 1.0 0.00e+00 0.0 7.2e+04 1.1e+02 1.2e+05 14  0 20  5 21  14  0 20  5 23     0
DMMeshAssembleMatrix 1006600 1.0 1.6420e+01 1.0 0.00e+00 0.0 3.6e+01 8.9e+01 2.0e+00  4  0  0  0  0   4  0  0  0  0     0
DMMeshUpdateOperator 1006600 1.0 3.0230e+00 1.0 0.00e+00 0.0 0.0e+00 0.0e+00 0.0e+00  1  0  0  0  0   1  0  0  0  0     0
stratify               2 1.0 1.8024e-01 4.2 0.00e+00 0.0 0.0e+00 0.0e+00 0.0e+00  0  0  0  0  0   0  0  0  0  0     0
DistributeMesh         1 1.0 1.5185e-01 1.3 0.00e+00 0.0 1.6e+01 6.3e+03 0.0e+00  0  0  0  0  0   0  0  0  0  0     0
PartitionCreate        1 1.0 3.4053e-02140.7 0.00e+00 0.0 0.0e+00 0.0e+00 0.0e+00  0  0  0  0  0   0  0  0  0  0     0
PartitionClosure       1 1.0 2.4877e-022484.3 0.00e+00 0.0 0.0e+00 0.0e+00 0.0e+00  0  0  0  0  0   0  0  0  0  0     0
DistributeCoords       1 1.0 1.6321e-02 4.9 0.00e+00 0.0 8.0e+00 5.1e+03 0.0e+00  0  0  0  0  0   0  0  0  0  0     0
DistributeLabels       1 1.0 5.6446e-02 1.5 0.00e+00 0.0 1.2e+01 1.7e+03 0.0e+00  0  0  0  0  0   0  0  0  0  0     0
CreateOverlap          1 1.0 3.0074e-0216.6 0.00e+00 0.0 0.0e+00 0.0e+00 5.0e+00  0  0  0  0  0   0  0  0  0  0     0
SNESSolve            462 1.0 3.6951e+02 1.0 4.26e+09 1.0 3.6e+05 3.8e+02 5.0e+05 95 99 98 92 89  95 99 98 92 96    34
SNESFunctionEval    1923 1.0 2.3138e+02 1.0 1.27e+09 1.0 1.8e+05 2.2e+02 2.3e+05 60 30 50 27 41  60 30 50 27 44    16
SNESJacobianEval     719 1.0 7.1480e+01 1.0 9.69e+08 1.0 2.6e+04 1.2e+03 4.1e+04 18 23  7 20  7  18 23  7 20  8    40
SNESLineSearch       719 1.0 1.8072e+02 1.0 9.70e+08 1.0 1.5e+05 2.2e+02 1.9e+05 47 23 40 22 33  47 23 40 22 35    16
KSPSetUp             922 1.0 3.8813e-02 1.1 0.00e+00 0.0 0.0e+00 0.0e+00 2.8e+02  0  0  0  0  0   0  0  0  0  0     0
KSPSolve             719 1.0 5.8161e+01 1.0 2.02e+09 1.1 1.4e+05 4.3e+02 2.0e+05 15 46 39 41 36  15 46 39 41 39   100
PCSetUp              406 1.0 5.7224e-01 1.1 6.75e+06 1.2 0.0e+00 0.0e+00 1.1e+03  0  0  0  0  0   0  0  0  0  0    33
PCSetUpOnBlocks      719 1.0 5.6515e-01 1.1 6.75e+06 1.2 0.0e+00 0.0e+00 5.7e+02  0  0  0  0  0   0  0  0  0  0    34
PCApply            26307 1.0 6.8323e+00 1.1 8.18e+08 1.1 0.0e+00 0.0e+00 5.3e+04  2 19  0  0  9   2 19  0  0 10   344
------------------------------------------------------------------------------------------------------------------------

Memory usage is given in bytes:

Object Type          Creations   Destructions     Memory  Descendants' Mem.
Reports information only for process 0.

--- Event Stage 0: Main Stage

           Container   234            230       126040     0
              Viewer    29             26        18512     0
              Vector 67208          67194    276615632     0
      Vector Scatter 13889          13884     14224080     0
              Matrix  1539           1533     13263060     0
   Matrix Null Space     1              0            0     0
    Distributed Mesh    10              7        30688     0
         SectionReal 41216          41215     25388440     0
     Bipartite Graph    20             14         9576     0
           Index Set 81953          81569     62364520     0
   IS L to G Mapping     2              0            0     0
                SNES     2              2         2556     0
      SNESLineSearch     2              2         1672     0
       Krylov Solver     4              4         4736     0
      Preconditioner     4              4         3568     0
========================================================================================================================
Average time to get PetscTime(): 9.53674e-08
Average time for MPI_Barrier(): 1.81198e-06
Average time for zero size MPI_Send(): 2.30471e-06
#PETSc Option Table entries:
-boundaryDisplacement_scaling linear
-cs0001_FractureToughness 1.
-cs0001_damageBC no
-cs0001_damage_type AT1
-cs0001_displacementbc no,no,no
-cs0001_hookesLaw_PlaneStress 0
-cs0001_hookesLaw_PoissonRatio 0.
-cs0001_hookesLaw_YoungsModulus 1.
-cs0001_hookesLaw_type isotropic
-cs0001_internallength .05
-cs0001_plasticity_type NONE
-cs0001_residualstiffness 0.
-cs0030_boundaryDisplacement 0.,-0.5,0.
-cs0030_damageBC no
-cs0030_displacementbc yes,yes,no
-cs0040_boundaryDisplacement 0.,0.5,0.
-cs0040_damageBC no
-cs0040_displacementbc yes,yes,no
-cs0050_FractureToughness 1.
-cs0050_boundaryDamage 1.
-cs0050_damageBC yes
-cs0050_damage_type AT1
-cs0050_displacementbc no,no,no
-cs0050_hookesLaw_PlaneStress 0
-cs0050_hookesLaw_PoissonRatio 0.
-cs0050_hookesLaw_YoungsModulus 1.
-cs0050_hookesLaw_type isotropic
-cs0050_internallength .05
-cs0050_plasticity_type NONE
-cs0050_residualstiffness 0.
-defmech_irrevthres 0.
-defmech_mode quasistatic
-heatxfer_mode null
-options_file_yaml InitialCrackDamaged.yaml
-prefix InitialCrackLine
-temperature_offset 0
-time_max 2.5
-time_min 0
-time_numstep 21
-verbose 1
#End of PETSc Option Table entries
Compiled without FORTRAN kernels
Compiled with full precision matrices (default)
sizeof(short) 2 sizeof(int) 4 sizeof(long) 8 sizeof(void*) 8 sizeof(PetscScalar) 8 sizeof(PetscInt) 4
Configure run at: Thu Jul 27 22:24:01 2017
Configure options: --download-chaco=1 --download-exodusii=1 --download-hypre=1 --download-ml=1 --download-netcdf=ftp://ftp.unidata.ucar.edu/pub/netcdf/netcdf-4.3.3.1.tar.gz --download-yaml=1 --with-boost=1 --with-boost-dir=/usr/local --with-clanguage=C++ --with-cmake=cmake --with-debugging=1 --with-fortran-datatypes=1 --with-shared-libraries=1 --with-sieve --with-sieve-memory-logging --with-x11=1 --with-clib-autodetect=0 --with-fortranlib-autodetect=0
-----------------------------------------
Libraries compiled on Thu Jul 27 22:24:01 2017 on Blaises-Laptop.local 
Machine characteristics: Darwin-16.7.0-x86_64-i386-64bit
Using PETSc directory: /opt/HPC/petsc-3.3-p7
Using PETSc arch: Darwin-gcc7.1-mef90-g
-----------------------------------------

Using C compiler: mpicxx  -Wall -Wwrite-strings -Wno-strict-aliasing -Wno-unknown-pragmas -g   -fPIC   ${COPTFLAGS} ${CFLAGS}
Using Fortran compiler: mpif90  -fPIC -Wall -Wno-unused-variable -g   ${FOPTFLAGS} ${FFLAGS} 
-----------------------------------------

Using include paths: -I/opt/HPC/petsc-3.3-p7/Darwin-gcc7.1-mef90-g/include -I/opt/HPC/petsc-3.3-p7/include -I/opt/HPC/petsc-3.3-p7/include -I/opt/HPC/petsc-3.3-p7/Darwin-gcc7.1-mef90-g/include -I/usr/X11R6/include -I/opt/HPC/petsc-3.3-p7/include/sieve -I/usr/local/include -I/opt/HPC/petsc-3.3-p7/Darwin-gcc7.1-mef90-g/cbind/include -I/opt/HPC/petsc-3.3-p7/Darwin-gcc7.1-mef90-g/forbind/include -I/usr/local/Cellar/mpich/3.2_3/include
-----------------------------------------

Using C linker: mpicxx
Using Fortran linker: mpif90
Using libraries: -L/opt/HPC/petsc-3.3-p7/Darwin-gcc7.1-mef90-g/lib -L/opt/HPC/petsc-3.3-p7/Darwin-gcc7.1-mef90-g/lib -lpetsc -L/usr/X11R6/lib -lX11 -L/opt/HPC/petsc-3.3-p7/Darwin-gcc7.1-mef90-g/lib -lchaco -lHYPRE -lml -lpthread -lyaml -llapack -lblas -lexoIIv2for -lexodus -lnetcdf -lto_library -L/Applications/Xcode.app/Contents/Developer/Toolchains/XcodeDefault.xctoolchain/usr/lib  -lLTO -L/usr/local/Cellar/mpich/3.2_3/lib -ldl -lmpicxx -lmpi -lpmpi -lc++ -lSystem -L/Applications/Xcode.app/Contents/Developer/Toolchains/XcodeDefault.xctoolchain/usr/bin/../lib/clang/8.1.0/lib/darwin  -lclang_rt.osx -ldl 
-----------------------------------------

