****************************************************************************************************************************************************************
***                                WIDEN YOUR WINDOW TO 160 CHARACTERS.  Use 'enscript -r -fCourier9' to print this document                                 ***
****************************************************************************************************************************************************************

------------------------------------------------------------------ PETSc Performance Summary: ------------------------------------------------------------------

vDef on a  named bbstudio.math.mcmaster.ca with 1 process, by blaise on Thu May  7 17:07:48 2026
Using PETSc Development Git Revision: v3.25.1-112-ge71bbd32d89 Git Date: 2026-05-04 15:44:53 +0000

                         Max       Max/Min     Avg       Total
Time (sec):           1.100e+01     1.000   1.100e+01
Objects:              0.000e+00     0.000   0.000e+00
Flops:                2.764e+09     1.000   2.764e+09  2.764e+09
Flops/sec:            2.512e+08     1.000   2.512e+08  2.512e+08
MPI Msg Count:        0.000e+00     0.000   0.000e+00  0.000e+00
MPI Msg Len (bytes):  0.000e+00     0.000   0.000e+00  0.000e+00
MPI Reductions:       0.000e+00     0.000

Flop counting convention: 1 flop = 1 real number operation of type (multiply/divide/add/subtract)
                            e.g., VecAXPY() for real vectors of length N --> 2N flops
                            and VecAXPY() for complex vectors of length N --> 8N flops

Summary of Stages:   ----- Time ------  ----- Flop ------  --- Messages ---  -- Message Lengths --  -- Reductions --
                        Avg     %Total     Avg     %Total    Count   %Total     Avg         %Total    Count   %Total
 0:      Main Stage: 2.4817e-01   2.3%  2.5749e+06   0.1%  0.000e+00   0.0%  0.000e+00        0.0%  0.000e+00   0.0%
 1:        HeatXfer: 4.0000e-06   0.0%  0.0000e+00   0.0%  0.000e+00   0.0%  0.000e+00        0.0%  0.000e+00   0.0%
 2:          Damage: 5.4467e+00  49.5%  1.1884e+08   4.3%  0.000e+00   0.0%  0.000e+00        0.0%  0.000e+00   0.0%
 3:    Displacement: 5.0403e+00  45.8%  2.6373e+09  95.4%  0.000e+00   0.0%  0.000e+00        0.0%  0.000e+00   0.0%
 4:          Energy: 2.2339e-01   2.0%  5.0669e+06   0.2%  0.000e+00   0.0%  0.000e+00        0.0%  0.000e+00   0.0%
 5:              IO: 8.8690e-03   0.1%  0.0000e+00   0.0%  0.000e+00   0.0%  0.000e+00        0.0%  0.000e+00   0.0%

------------------------------------------------------------------------------------------------------------------------
See the 'Profiling' chapter of the users' manual for details on interpreting output.
Phase summary info:
   Count: number of times phase was executed
   Time and Flop: Max - maximum over all processes
                  Ratio - ratio of maximum to minimum over all processes
   Mess: number of messages sent
   AvgLen: average message length (bytes)
   Reduct: number of global reductions
   Global: entire computation
   Stage: stages of a computation. Set stages with PetscLogStagePush() and PetscLogStagePop().
      %T - percent time in this phase         %F - percent flop in this phase
      %M - percent messages in this phase     %L - percent message lengths in this phase
      %R - percent reductions in this phase
   Total Mflop/s: 1e-6 * (sum of flop over all processes)/(max time over all processes)
------------------------------------------------------------------------------------------------------------------------
Event                Count      Time (sec)     Flop                              --- Global ---  --- Stage ----  Total
                   Max Ratio  Max     Ratio   Max  Ratio  Mess   AvgLen  Reduct  %T %F %M %L %R  %T %F %M %L %R Mflop/s
------------------------------------------------------------------------------------------------------------------------

--- Event Stage 0: Main Stage

BuildTwoSided         46 1.0 1.7000e-05 1.0 0.00e+00 0.0 0.0e+00 0.0e+00 0.0e+00  0  0  0  0  0   0  0  0  0  0     0
MatAssemblyBegin       2 1.0 0.0000e+00 0.0 0.00e+00 0.0 0.0e+00 0.0e+00 0.0e+00  0  0  0  0  0   0  0  0  0  0     0
MatAssemblyEnd         2 1.0 3.3000e-05 1.0 0.00e+00 0.0 0.0e+00 0.0e+00 0.0e+00  0  0  0  0  0   0  0  0  0  0     0
DMCreateMat            2 1.0 1.3756e-02 1.0 0.00e+00 0.0 0.0e+00 0.0e+00 0.0e+00  0  0  0  0  0   6  0  0  0  0     0
DMPlexCreateGmsh       1 1.0 5.5990e-03 1.0 0.00e+00 0.0 0.0e+00 0.0e+00 0.0e+00  0  0  0  0  0   2  0  0  0  0     0
DMPlexCrFromFile       1 1.0 5.7880e-03 1.0 0.00e+00 0.0 0.0e+00 0.0e+00 0.0e+00  0  0  0  0  0   2  0  0  0  0     0
DMPlexInterp           1 1.0 2.8790e-03 1.0 0.00e+00 0.0 0.0e+00 0.0e+00 0.0e+00  0  0  0  0  0   1  0  0  0  0     0
DMPlexStratify         2 1.0 1.0700e-04 1.0 0.00e+00 0.0 0.0e+00 0.0e+00 0.0e+00  0  0  0  0  0   0  0  0  0  0     0
DMPlexSymmetrize       2 1.0 1.9600e-04 1.0 0.00e+00 0.0 0.0e+00 0.0e+00 0.0e+00  0  0  0  0  0   0  0  0  0  0     0
DMPlexPrealloc         2 1.0 1.3516e-02 1.0 0.00e+00 0.0 0.0e+00 0.0e+00 0.0e+00  0  0  0  0  0   5  0  0  0  0     0
SFSetGraph            77 1.0 2.6730e-03 1.0 0.00e+00 0.0 0.0e+00 0.0e+00 0.0e+00  0  0  0  0  0   1  0  0  0  0     0
SFSetUp               46 1.0 2.1620e-03 1.0 0.00e+00 0.0 0.0e+00 0.0e+00 0.0e+00  0  0  0  0  0   1  0  0  0  0     0
SFBcastBegin          40 1.0 5.5000e-05 1.0 0.00e+00 0.0 0.0e+00 0.0e+00 0.0e+00  0  0  0  0  0   0  0  0  0  0     0
SFBcastEnd            40 1.0 3.0000e-06 1.0 0.00e+00 0.0 0.0e+00 0.0e+00 0.0e+00  0  0  0  0  0   0  0  0  0  0     0
SFReduceBegin         13 1.0 1.5000e-05 1.0 0.00e+00 0.0 0.0e+00 0.0e+00 0.0e+00  0  0  0  0  0   0  0  0  0  0     0
SFReduceEnd           13 1.0 1.0000e-06 1.0 0.00e+00 0.0 0.0e+00 0.0e+00 0.0e+00  0  0  0  0  0   0  0  0  0  0     0
SFCreateEmbed         20 1.0 2.4780e-03 1.0 0.00e+00 0.0 0.0e+00 0.0e+00 0.0e+00  0  0  0  0  0   1  0  0  0  0     0
SFSectionSF           20 1.0 2.3570e-03 1.0 0.00e+00 0.0 0.0e+00 0.0e+00 0.0e+00  0  0  0  0  0   1  0  0  0  0     0
SFRemoteOff           20 1.0 2.6300e-03 1.0 0.00e+00 0.0 0.0e+00 0.0e+00 0.0e+00  0  0  0  0  0   1  0  0  0  0     0
SFPack                53 1.0 0.0000e+00 0.0 0.00e+00 0.0 0.0e+00 0.0e+00 0.0e+00  0  0  0  0  0   0  0  0  0  0     0
SFUnpack              53 1.0 0.0000e+00 0.0 0.00e+00 0.0 0.0e+00 0.0e+00 0.0e+00  0  0  0  0  0   0  0  0  0  0     0
VecMDot                1 1.0 3.5000e-05 1.0 1.51e+04 1.0 0.0e+00 0.0e+00 0.0e+00  0  0  0  0  0   0  1  0  0  0   431
VecNorm                1 1.0 1.0000e-06 1.0 7.54e+03 1.0 0.0e+00 0.0e+00 0.0e+00  0  0  0  0  0   0  0  0  0  0  7535
VecScale               1 1.0 1.0000e-06 1.0 3.77e+03 1.0 0.0e+00 0.0e+00 0.0e+00  0  0  0  0  0   0  0  0  0  0  3768
VecCopy               21 1.0 7.0000e-06 1.0 0.00e+00 0.0 0.0e+00 0.0e+00 0.0e+00  0  0  0  0  0   0  0  0  0  0     0
VecSet                43 1.0 3.6000e-05 1.0 0.00e+00 0.0 0.0e+00 0.0e+00 0.0e+00  0  0  0  0  0   0  0  0  0  0     0
VecMAXPY               1 1.0 2.0000e-06 1.0 1.51e+04 1.0 0.0e+00 0.0e+00 0.0e+00  0  0  0  0  0   0  1  0  0  0  7536
VecNormalize           1 1.0 2.0000e-06 1.0 1.13e+04 1.0 0.0e+00 0.0e+00 0.0e+00  0  0  0  0  0   0  0  0  0  0  5652

--- Event Stage 1: HeatXfer


--- Event Stage 2: Damage

BuildTwoSided        499 1.0 1.5400e-04 1.0 0.00e+00 0.0 0.0e+00 0.0e+00 0.0e+00  0  0  0  0  0   0  0  0  0  0     0
MatMult             2919 1.0 4.1760e-03 1.0 1.28e+07 1.0 0.0e+00 0.0e+00 0.0e+00  0  0  0  0  0   0 11  0  0  0  3075
MatSolve            2919 1.0 3.0300e-03 1.0 7.30e+06 1.0 0.0e+00 0.0e+00 0.0e+00  0  0  0  0  0   0  6  0  0  0  2408
MatCholFctrNum       249 1.0 2.3460e-03 1.0 5.28e+04 1.0 0.0e+00 0.0e+00 0.0e+00  0  0  0  0  0   0  0  0  0  0    23
MatICCFactorSym      249 1.0 9.9400e-04 1.0 0.00e+00 0.0 0.0e+00 0.0e+00 0.0e+00  0  0  0  0  0   0  0  0  0  0     0
MatAssemblyBegin     498 1.0 1.9000e-05 1.0 0.00e+00 0.0 0.0e+00 0.0e+00 0.0e+00  0  0  0  0  0   0  0  0  0  0     0
MatAssemblyEnd       498 1.0 4.3800e-04 1.0 0.00e+00 0.0 0.0e+00 0.0e+00 0.0e+00  0  0  0  0  0   0  0  0  0  0     0
MatSetValues      938730 1.0 1.1226e-01 1.0 8.38e+06 1.0 0.0e+00 0.0e+00 0.0e+00  1  0  0  0  0   2  7  0  0  0    75
MatGetRowIJ          249 1.0 2.5000e-05 1.0 0.00e+00 0.0 0.0e+00 0.0e+00 0.0e+00  0  0  0  0  0   0  0  0  0  0     0
MatCreateSubMats     249 1.0 5.5100e-03 1.0 0.00e+00 0.0 0.0e+00 0.0e+00 0.0e+00  0  0  0  0  0   0  0  0  0  0     0
MatGetOrdering       249 1.0 6.2100e-04 1.0 0.00e+00 0.0 0.0e+00 0.0e+00 0.0e+00  0  0  0  0  0   0  0  0  0  0     0
MatZeroEntries       249 1.0 2.3100e-04 1.0 0.00e+00 0.0 0.0e+00 0.0e+00 0.0e+00  0  0  0  0  0   0  0  0  0  0     0
SFSetGraph           498 1.0 3.0970e-03 1.0 0.00e+00 0.0 0.0e+00 0.0e+00 0.0e+00  0  0  0  0  0   0  0  0  0  0     0
SFSetUp              499 1.0 3.5920e-03 1.0 0.00e+00 0.0 0.0e+00 0.0e+00 0.0e+00  0  0  0  0  0   0  0  0  0  0     0
SFBcastBegin         794 1.0 6.1900e-04 1.0 0.00e+00 0.0 0.0e+00 0.0e+00 0.0e+00  0  0  0  0  0   0  0  0  0  0     0
SFBcastEnd           794 1.0 8.2000e-05 1.0 0.00e+00 0.0 0.0e+00 0.0e+00 0.0e+00  0  0  0  0  0   0  0  0  0  0     0
SFReduceBegin        397 1.0 7.4900e-04 1.0 0.00e+00 0.0 0.0e+00 0.0e+00 0.0e+00  0  0  0  0  0   0  0  0  0  0     0
SFReduceEnd          397 1.0 5.6000e-05 1.0 0.00e+00 0.0 0.0e+00 0.0e+00 0.0e+00  0  0  0  0  0   0  0  0  0  0     0
SFPack              2436 1.0 8.2000e-05 1.0 0.00e+00 0.0 0.0e+00 0.0e+00 0.0e+00  0  0  0  0  0   0  0  0  0  0     0
SFUnpack            2436 1.0 7.2000e-05 1.0 0.00e+00 0.0 0.0e+00 0.0e+00 0.0e+00  0  0  0  0  0   0  0  0  0  0     0
VecMax               148 1.0 4.0800e-04 1.0 0.00e+00 0.0 0.0e+00 0.0e+00 0.0e+00  0  0  0  0  0   0  0  0  0  0     0
VecMin               148 1.0 4.2200e-04 1.0 0.00e+00 0.0 0.0e+00 0.0e+00 0.0e+00  0  0  0  0  0   0  0  0  0  0     0
VecDot               249 1.0 1.1400e-04 1.0 9.73e+05 1.0 0.0e+00 0.0e+00 0.0e+00  0  0  0  0  0   0  1  0  0  0  8538
VecTDot             5340 1.0 3.7900e-04 1.0 2.35e+06 1.0 0.0e+00 0.0e+00 0.0e+00  0  0  0  0  0   0  2  0  0  0  6210
VecNorm             3464 1.0 9.2200e-04 1.0 2.83e+06 1.0 0.0e+00 0.0e+00 0.0e+00  0  0  0  0  0   0  2  0  0  0  3074
VecCopy             1292 1.0 4.0900e-04 1.0 0.00e+00 0.0 0.0e+00 0.0e+00 0.0e+00  0  0  0  0  0   0  0  0  0  0     0
VecSet              1042 1.0 2.9500e-04 1.0 0.00e+00 0.0 0.0e+00 0.0e+00 0.0e+00  0  0  0  0  0   0  0  0  0  0     0
VecAXPY             4990 1.0 4.5200e-04 1.0 2.73e+06 1.0 0.0e+00 0.0e+00 0.0e+00  0  0  0  0  0   0  2  0  0  0  6032
VecAYPX             2421 1.0 1.3800e-04 1.0 1.02e+06 1.0 0.0e+00 0.0e+00 0.0e+00  0  0  0  0  0   0  1  0  0  0  7399
VecWAXPY             249 1.0 1.3200e-04 1.0 4.87e+05 1.0 0.0e+00 0.0e+00 0.0e+00  0  0  0  0  0   0  0  0  0  0  3688
VecScatterBegin     1245 1.0 7.8600e-04 1.0 0.00e+00 0.0 0.0e+00 0.0e+00 0.0e+00  0  0  0  0  0   0  0  0  0  0     0
VecScatterEnd       1245 1.0 1.5500e-04 1.0 0.00e+00 0.0 0.0e+00 0.0e+00 0.0e+00  0  0  0  0  0   0  0  0  0  0     0
VecReduceArith       498 1.0 2.2100e-04 1.0 1.95e+06 1.0 0.0e+00 0.0e+00 0.0e+00  0  0  0  0  0   0  2  0  0  0  8809
VecReduceComm        249 1.0 1.7000e-05 1.0 0.00e+00 0.0 0.0e+00 0.0e+00 0.0e+00  0  0  0  0  0   0  0  0  0  0     0
KSPSetUp             249 1.0 4.6400e-04 1.0 0.00e+00 0.0 0.0e+00 0.0e+00 0.0e+00  0  0  0  0  0   0  0  0  0  0     0
KSPSolve             249 1.0 7.4770e-03 1.0 2.08e+07 1.0 0.0e+00 0.0e+00 0.0e+00  0  1  0  0  0   0 18  0  0  0  2782
SNESSolve            148 1.0 5.4354e+00 1.0 1.18e+08 1.0 0.0e+00 0.0e+00 0.0e+00 49  4  0  0  0 100 100  0  0  0    22
SNESSetUp              1 1.0 8.0000e-06 1.0 0.00e+00 0.0 0.0e+00 0.0e+00 0.0e+00  0  0  0  0  0   0  0  0  0  0     0
SNESFunctionEval     397 1.0 3.1629e+00 1.0 4.79e+07 1.0 0.0e+00 0.0e+00 0.0e+00 29  2  0  0  0  58 40  0  0  0    15
SNESJacobianEval     249 1.0 2.2252e+00 1.0 3.84e+07 1.0 0.0e+00 0.0e+00 0.0e+00 20  1  0  0  0  41 32  0  0  0    17
SNESLineSearch       249 1.0 1.9676e+00 1.0 4.06e+07 1.0 0.0e+00 0.0e+00 0.0e+00 18  1  0  0  0  36 34  0  0  0    21
PCSetUp              249 1.0 5.8640e-03 1.0 5.28e+04 1.0 0.0e+00 0.0e+00 0.0e+00  0  0  0  0  0   0  0  0  0  0     9
PCApply             2919 1.0 3.2180e-03 1.0 7.30e+06 1.0 0.0e+00 0.0e+00 0.0e+00  0  0  0  0  0   0  6  0  0  0  2267

--- Event Stage 3: Displacement

BuildTwoSided          1 1.0 1.0000e-06 1.0 0.00e+00 0.0 0.0e+00 0.0e+00 0.0e+00  0  0  0  0  0   0  0  0  0  0     0
MatMult            10553 1.0 1.8468e-01 1.0 1.05e+09 1.0 0.0e+00 0.0e+00 0.0e+00  2 38  0  0  0   4 40  0  0  0  5663
MatSolve           10701 1.0 3.2671e-01 1.0 1.06e+09 1.0 0.0e+00 0.0e+00 0.0e+00  3 38  0  0  0   6 40  0  0  0  3246
MatCholFctrNum        29 1.0 6.3590e-03 1.0 1.09e+05 1.0 0.0e+00 0.0e+00 0.0e+00  0  0  0  0  0   0  0  0  0  0    17
MatICCFactorSym        1 1.0 4.6000e-05 1.0 0.00e+00 0.0 0.0e+00 0.0e+00 0.0e+00  0  0  0  0  0   0  0  0  0  0     0
MatAssemblyBegin     148 1.0 6.0000e-06 1.0 0.00e+00 0.0 0.0e+00 0.0e+00 0.0e+00  0  0  0  0  0   0  0  0  0  0     0
MatAssemblyEnd       148 1.0 1.9000e-05 1.0 0.00e+00 0.0 0.0e+00 0.0e+00 0.0e+00  0  0  0  0  0   0  0  0  0  0     0
MatSetValues      557960 1.0 1.7332e-01 1.0 1.95e+07 1.0 0.0e+00 0.0e+00 0.0e+00  2  1  0  0  0   3  1  0  0  0   112
MatGetRowIJ            1 1.0 0.0000e+00 0.0 0.00e+00 0.0 0.0e+00 0.0e+00 0.0e+00  0  0  0  0  0   0  0  0  0  0     0
MatGetOrdering         1 1.0 3.0000e-05 1.0 0.00e+00 0.0 0.0e+00 0.0e+00 0.0e+00  0  0  0  0  0   0  0  0  0  0     0
MatZeroEntries       148 1.0 4.3300e-04 1.0 0.00e+00 0.0 0.0e+00 0.0e+00 0.0e+00  0  0  0  0  0   0  0  0  0  0     0
SFSetGraph             1 1.0 1.2000e-05 1.0 0.00e+00 0.0 0.0e+00 0.0e+00 0.0e+00  0  0  0  0  0   0  0  0  0  0     0
SFSetUp                1 1.0 3.3000e-05 1.0 0.00e+00 0.0 0.0e+00 0.0e+00 0.0e+00  0  0  0  0  0   0  0  0  0  0     0
SFBcastBegin         444 1.0 7.1600e-04 1.0 0.00e+00 0.0 0.0e+00 0.0e+00 0.0e+00  0  0  0  0  0   0  0  0  0  0     0
SFBcastEnd           444 1.0 5.8000e-05 1.0 0.00e+00 0.0 0.0e+00 0.0e+00 0.0e+00  0  0  0  0  0   0  0  0  0  0     0
SFReduceBegin        148 1.0 3.8300e-04 1.0 0.00e+00 0.0 0.0e+00 0.0e+00 0.0e+00  0  0  0  0  0   0  0  0  0  0     0
SFReduceEnd          148 1.0 2.4000e-05 1.0 0.00e+00 0.0 0.0e+00 0.0e+00 0.0e+00  0  0  0  0  0   0  0  0  0  0     0
SFPack               592 1.0 2.4000e-05 1.0 0.00e+00 0.0 0.0e+00 0.0e+00 0.0e+00  0  0  0  0  0   0  0  0  0  0     0
SFUnpack             592 1.0 2.7000e-05 1.0 0.00e+00 0.0 0.0e+00 0.0e+00 0.0e+00  0  0  0  0  0   0  0  0  0  0     0
VecTDot            21106 1.0 9.9590e-03 1.0 1.59e+08 1.0 0.0e+00 0.0e+00 0.0e+00  0  6  0  0  0   0  6  0  0  0 15969
VecNorm            10701 1.0 6.4230e-03 1.0 8.06e+07 1.0 0.0e+00 0.0e+00 0.0e+00  0  3  0  0  0   0  3  0  0  0 12554
VecCopy              146 1.0 1.2900e-04 1.0 0.00e+00 0.0 0.0e+00 0.0e+00 0.0e+00  0  0  0  0  0   0  0  0  0  0     0
VecSet               296 1.0 1.9500e-04 1.0 0.00e+00 0.0 0.0e+00 0.0e+00 0.0e+00  0  0  0  0  0   0  0  0  0  0     0
VecAXPY            20958 1.0 1.1051e-02 1.0 1.58e+08 1.0 0.0e+00 0.0e+00 0.0e+00  0  6  0  0  0   0  6  0  0  0 14292
VecAYPX            10407 1.0 9.6980e-03 1.0 7.79e+07 1.0 0.0e+00 0.0e+00 0.0e+00  0  3  0  0  0   0  3  0  0  0  8029
KSPSetUp             148 1.0 1.4000e-05 1.0 0.00e+00 0.0 0.0e+00 0.0e+00 0.0e+00  0  0  0  0  0   0  0  0  0  0     0
KSPSolve             148 1.0 5.5400e-01 1.0 2.58e+09 1.0 0.0e+00 0.0e+00 0.0e+00  5 93  0  0  0  11 98  0  0  0  4659
SNESSolve            148 1.0 5.0315e+00 1.0 2.64e+09 1.0 0.0e+00 0.0e+00 0.0e+00 46 95  0  0  0 100 100  0  0  0   524
SNESSetUp              1 1.0 3.0000e-06 1.0 0.00e+00 0.0 0.0e+00 0.0e+00 0.0e+00  0  0  0  0  0   0  0  0  0  0     0
SNESFunctionEval     148 1.0 1.8294e+00 1.0 1.79e+07 1.0 0.0e+00 0.0e+00 0.0e+00 17  1  0  0  0  36  1  0  0  0    10
SNESJacobianEval     148 1.0 2.6407e+00 1.0 3.73e+07 1.0 0.0e+00 0.0e+00 0.0e+00 24  1  0  0  0  52  1  0  0  0    14
PCSetUp               29 1.0 6.5330e-03 1.0 1.09e+05 1.0 0.0e+00 0.0e+00 0.0e+00  0  0  0  0  0   0  0  0  0  0    17
PCApply            10701 1.0 3.2756e-01 1.0 1.06e+09 1.0 0.0e+00 0.0e+00 0.0e+00  3 38  0  0  0   6 40  0  0  0  3238

--- Event Stage 4: Energy


--- Event Stage 5: IO

BuildTwoSided        110 1.0 2.9000e-05 1.0 0.00e+00 0.0 0.0e+00 0.0e+00 0.0e+00  0  0  0  0  0   0  0  0  0  0     0
SFSetGraph           110 1.0 2.3170e-03 1.0 0.00e+00 0.0 0.0e+00 0.0e+00 0.0e+00  0  0  0  0  0  26  0  0  0  0     0
SFSetUp              110 1.0 2.3640e-03 1.0 0.00e+00 0.0 0.0e+00 0.0e+00 0.0e+00  0  0  0  0  0  27  0  0  0  0     0
SFBcastBegin          66 1.0 1.1000e-04 1.0 0.00e+00 0.0 0.0e+00 0.0e+00 0.0e+00  0  0  0  0  0   1  0  0  0  0     0
SFBcastEnd            66 1.0 5.0000e-06 1.0 0.00e+00 0.0 0.0e+00 0.0e+00 0.0e+00  0  0  0  0  0   0  0  0  0  0     0
SFPack               176 1.0 4.0000e-06 1.0 0.00e+00 0.0 0.0e+00 0.0e+00 0.0e+00  0  0  0  0  0   0  0  0  0  0     0
SFUnpack             176 1.0 6.0000e-06 1.0 0.00e+00 0.0 0.0e+00 0.0e+00 0.0e+00  0  0  0  0  0   0  0  0  0  0     0
VecScatterBegin      110 1.0 1.7600e-04 1.0 0.00e+00 0.0 0.0e+00 0.0e+00 0.0e+00  0  0  0  0  0   2  0  0  0  0     0
VecScatterEnd        110 1.0 2.2000e-05 1.0 0.00e+00 0.0 0.0e+00 0.0e+00 0.0e+00  0  0  0  0  0   0  0  0  0  0     0
------------------------------------------------------------------------------------------------------------------------

Object Type          Creations   Destructions. Reports information only for process 0.

--- Event Stage 0: Main Stage

           Container    24             24
    Distributed Mesh    30             30
            DM Label   102            102
              Matrix    10             13
   Matrix Null Space     1              1
           Index Set   701            706
   IS L to G Mapping     2              2
             Section   124            124
              Viewer    27             26
   Star Forest Graph   168            168
     Discrete System    45             45
           Weak Form    45             45
    GraphPartitioner     2              2
              Vector    76             90
                SNES     2              2
              DMSNES     2              2
      SNESLineSearch     1              1
       Krylov Solver     2              2
     DMKSP interface     0              2
      Preconditioner     2              2

--- Event Stage 1: HeatXfer


--- Event Stage 2: Damage

           Container   249            249
              Matrix   499            497
           Index Set  3810           3807
   Star Forest Graph   498            498
              Vector  2011           2001
     DMKSP interface     1              0

--- Event Stage 3: Displacement

              Matrix     2              1
           Index Set  1337           1335
              Vector   152            148
     DMKSP interface     1              0

--- Event Stage 4: Energy

           Index Set   378            378

--- Event Stage 5: IO

           Index Set   154            154
   Star Forest Graph   110            110
              Vector   286            286
========================================================================================================================
Average time to get PetscTime(): 0.
#PETSc Option Table entries:
-boundaryDisplacement_scaling linear # (source: file)
-cs0001_damage_FractureToughness 1 # (source: file)
-cs0001_damage_internallength 0.05 # (source: file)
-cs0001_damage_residualstiffness 0 # (source: file)
-cs0001_damage_type AT1 # (source: file)
-cs0001_damageBC no # (source: file)
-cs0001_displacementbc no,no,no # (source: file)
-cs0001_hookesLaw_isotropic_PlaneStress no # (source: file)
-cs0001_hookesLaw_isotropic_PoissonRatio 0 # (source: file)
-cs0001_hookesLaw_isotropic_YoungsModulus 1 # (source: file)
-cs0001_hookesLaw_type isotropic # (source: file)
-cs0001_plasticity_type NONE # (source: file)
-defmech_irrevthres 0 # (source: file)
-defmech_solver_type altmin # (source: file)
-defmech_timestepping_type quasistatic # (source: file)
-dm_plex_gmsh_mark_vertices # (source: code)
-fs0030_boundaryDisplacement 0.,-0.5,0. # (source: file)
-fs0030_damageBC no # (source: file)
-fs0030_displacementbc yes,yes,no # (source: file)
-fs0040_boundaryDisplacement 0.,0.5,0. # (source: file)
-fs0040_damageBC no # (source: file)
-fs0040_displacementbc yes,yes,no # (source: file)
-fs0050_boundaryDamage 1 # (source: file)
-fs0050_damageBC yes # (source: file)
-fs0050_displacementbc no,no,no # (source: file)
-geometry ../InitialCrackLine.msh # (source: command line)
-heatxfer_timestepping_type null # (source: file)
-help # (source: command line)
-result res.exo # (source: command line)
-temperature_export 0 # (source: file)
-time_max 2.5 # (source: file)
-time_min 0 # (source: file)
-time_numstep 21 # (source: file)
-verbose 0 # (source: file)
#End of PETSc Option Table entries
Compiled without FORTRAN kernels
Compiled with full precision matrices (default)
sizeof(short) 2 sizeof(int) 4 sizeof(long) 8 sizeof(void*) 8 sizeof(PetscScalar) 8 sizeof(PetscInt) 4
Configure options: --COPTFLAGS="-O3 -mcpu=native" --CXXOPTFLAGS="-O3 -mcpu=native" --FOPTFLAGS="-O3 -mcpu=native" CFLAGS+="-Wimplicit-function-declaration -Wunused" FFLAGS+="-ffree-line-length-none -fallow-argument-mismatch -Wunused" --download-exodusii=1 --download-hdf5=1 --download-hypre=1 --download-metis=1 --download-netcdf=1 --download-ml=1 --download-parmetis=1 --download-pnetcdf=1 --download-sowing=1 --download-zlib=1 --with-debugging=0 --with-exodusii-fortran-bindings --with-make-exec=/opt/homebrew/opt/make/libexec/gnubin/make --with-x11=0 --prefix=/opt/HPC/dist/petsc/main-tahoe-gcc15.2-arm64-O
-----------------------------------------
Libraries compiled on 2026-05-05 01:08:48 on tinyMini
Machine characteristics: macOS-26.4.1-arm64-arm-64bit
Using PETSc directory: /opt/HPC/dist/petsc/main-tahoe-gcc15.2-arm64-O
Using PETSc arch: 
-----------------------------------------

Using C compiler: mpicc  -fPIC -Wall -Wwrite-strings -Wno-unknown-pragmas -Wconversion -Wno-sign-conversion -Wno-float-conversion -Wno-implicit-float-conversion -Qunused-arguments -fno-stack-check -fstack-protector -fvisibility=hidden -Wimplicit-function-declaration -Wunused -O3 -mcpu=native 
Using Fortran compiler: mpif90  -fPIC -Wall -ffree-line-length-none -ffree-line-length-0 -Wno-lto-type-mismatch -Wno-unused-dummy-argument -ffree-line-length-none -fallow-argument-mismatch -Wunused -O3 -mcpu=native   
-----------------------------------------

Using include paths: -I/opt/HPC/dist/petsc/main-tahoe-gcc15.2-arm64-O/include -I/opt/X11/include
-----------------------------------------

Using C linker: mpicc
Using Fortran linker: mpif90
Using libraries: -Wl,-rpath,/opt/HPC/dist/petsc/main-tahoe-gcc15.2-arm64-O/lib -L/opt/HPC/dist/petsc/main-tahoe-gcc15.2-arm64-O/lib -lpetsc -Wl,-rpath,/opt/HPC/dist/petsc/main-tahoe-gcc15.2-arm64-O/lib -L/opt/HPC/dist/petsc/main-tahoe-gcc15.2-arm64-O/lib -Wl,-rpath,/opt/X11/lib -L/opt/X11/lib -Wl,-rpath,/opt/homebrew/Cellar/mpich/5.0.1/lib -L/opt/homebrew/Cellar/mpich/5.0.1/lib -Wl,-rpath,/opt/homebrew/Cellar/gcc/15.2.0_1/lib/gcc/current/gcc/aarch64-apple-darwin25/15 -L/opt/homebrew/Cellar/gcc/15.2.0_1/lib/gcc/current/gcc/aarch64-apple-darwin25/15 -Wl,-rpath,/opt/homebrew/Cellar/gcc/15.2.0_1/lib/gcc/current/gcc -L/opt/homebrew/Cellar/gcc/15.2.0_1/lib/gcc/current/gcc -Wl,-rpath,/opt/homebrew/Cellar/gcc/15.2.0_1/lib/gcc/current -L/opt/homebrew/Cellar/gcc/15.2.0_1/lib/gcc/current -lHYPRE -lml -llapack -lblas -lexoIIv2for32 -lexodus -lnetcdf -lhdf5_hl -lhdf5 -lparmetis -lmetis -lpnetcdf -lz -lX11 -lmpifort -lmpi -lpmpi -lgfortran -lemutls_w -lheapt_w -lgfortran -lquadmath -lc++
-----------------------------------------

