************************************************************************************************************************
***             WIDEN YOUR WINDOW TO 120 CHARACTERS.  Use 'enscript -r -fCourier9' to print this document            ***
************************************************************************************************************************

---------------------------------------------- PETSc Performance Summary: ----------------------------------------------

vDef on a Darwin-gcc7.1-mef90-g named Blaises-Laptop.local with 3 processors, by blaise Thu Aug 17 22:15:55 2017
Using Petsc Release Version 3.3.0, Patch 7, Sat May 11 22:15:24 CDT 2013 

                         Max       Max/Min        Avg      Total 
Time (sec):           4.074e+02      1.00000   4.074e+02
Objects:              1.573e+05      1.00001   1.573e+05
Flops:                3.853e+09      1.04910   3.751e+09  1.125e+10
Flops/sec:            9.459e+06      1.04910   9.207e+06  2.762e+07
Memory:               2.756e+06      1.10240              7.758e+06
MPI Messages:         9.945e+04      1.03614   9.727e+04  2.918e+05
MPI Message Lengths:  4.979e+07      1.25446   4.539e+02  1.325e+08
MPI Reductions:       4.529e+05      1.00000

Flop counting convention: 1 flop = 1 real number operation of type (multiply/divide/add/subtract)
                            e.g., VecAXPY() for real vectors of length N --> 2N flops
                            and VecAXPY() for complex vectors of length N --> 8N flops

Summary of Stages:   ----- Time ------  ----- Flops -----  --- Messages ---  -- Message Lengths --  -- Reductions --
                        Avg     %Total     Avg     %Total   counts   %Total     Avg         %Total   counts   %Total 
 0:      Main Stage: 4.0726e+02 100.0%  1.1253e+10 100.0%  2.918e+05 100.0%  4.539e+02      100.0%  4.140e+05  91.4% 

------------------------------------------------------------------------------------------------------------------------
See the 'Profiling' chapter of the users' manual for details on interpreting output.
Phase summary info:
   Count: number of times phase was executed
   Time and Flops: Max - maximum over all processors
                   Ratio - ratio of maximum to minimum over all processors
   Mess: number of messages sent
   Avg. len: average message length
   Reduct: number of global reductions
   Global: entire computation
   Stage: stages of a computation. Set stages with PetscLogStagePush() and PetscLogStagePop().
      %T - percent time in this phase         %f - percent flops in this phase
      %M - percent messages in this phase     %L - percent message lengths in this phase
      %R - percent reductions in this phase
   Total Mflop/s: 10e-6 * (sum of flops over all processors)/(max time over all processors)
------------------------------------------------------------------------------------------------------------------------


      ##########################################################
      #                                                        #
      #                          WARNING!!!                    #
      #                                                        #
      #   This code was compiled with a debugging option,      #
      #   To get timing results run ./configure                #
      #   using --with-debugging=no, the performance will      #
      #   be generally two or three times faster.              #
      #                                                        #
      ##########################################################


Event                Count      Time (sec)     Flops                             --- Global ---  --- Stage ---   Total
                   Max Ratio  Max     Ratio   Max  Ratio  Mess   Avg len Reduct  %T %f %M %L %R  %T %f %M %L %R Mflop/s
------------------------------------------------------------------------------------------------------------------------

--- Event Stage 0: Main Stage

VecMax               172 1.0 2.4384e-02 1.4 0.00e+00 0.0 0.0e+00 0.0e+00 1.7e+02  0  0  0  0  0   0  0  0  0  0     0
VecMin               172 1.0 1.4263e-02 1.9 0.00e+00 0.0 0.0e+00 0.0e+00 1.7e+02  0  0  0  0  0   0  0  0  0  0     0
VecDot               252 1.0 1.0164e-01 1.4 4.25e+05 1.1 0.0e+00 0.0e+00 2.5e+02  0  0  0  0  0   0  0  0  0  0    12
VecMDot                1 1.0 3.0994e-05 1.5 6.74e+03 1.1 0.0e+00 0.0e+00 1.0e+00  0  0  0  0  0   0  0  0  0  0   628
VecTDot            41296 1.0 6.1971e+00 1.2 1.16e+08 1.1 0.0e+00 0.0e+00 4.1e+04  1  3  0  0  9   1  3  0  0 10    54
VecNorm            22709 1.0 3.0124e+00 1.1 6.26e+07 1.1 0.0e+00 0.0e+00 2.3e+04  1  2  0  0  5   1  2  0  0  5    60
VecScale              85 1.0 7.3814e-04 1.6 1.63e+05 1.0 0.0e+00 0.0e+00 0.0e+00  0  0  0  0  0   0  0  0  0  0   657
VecCopy             2981 1.0 2.0655e-02 1.2 0.00e+00 0.0 0.0e+00 0.0e+00 0.0e+00  0  0  0  0  0   0  0  0  0  0     0
VecSet             25956 1.0 6.7164e-02 1.1 0.00e+00 0.0 0.0e+00 0.0e+00 0.0e+00  0  0  0  0  0   0  0  0  0  0     0
VecAXPY            42468 1.0 1.9835e-01 1.1 1.20e+08 1.1 0.0e+00 0.0e+00 0.0e+00  0  3  0  0  0   0  3  0  0  0  1735
VecAYPX            20648 1.0 2.0225e-01 1.1 5.77e+07 1.1 0.0e+00 0.0e+00 0.0e+00  0  1  0  0  0   0  1  0  0  0   819
VecWAXPY             424 1.0 4.3154e-03 1.2 4.87e+05 1.0 0.0e+00 0.0e+00 0.0e+00  0  0  0  0  0   0  0  0  0  0   333
VecMAXPY               1 1.0 1.3113e-05 1.6 6.74e+03 1.1 0.0e+00 0.0e+00 0.0e+00  0  0  0  0  0   0  0  0  0  0  1484
VecAssemblyBegin    1529 1.0 2.9089e-01 2.4 0.00e+00 0.0 5.2e+03 1.3e+01 4.6e+03  0  0  2  0  1   0  0  2  0  1     0
VecAssemblyEnd      1529 1.0 1.0927e-02 1.0 0.00e+00 0.0 0.0e+00 0.0e+00 0.0e+00  0  0  0  0  0   0  0  0  0  0     0
VecScatterBegin    51538 1.0 6.8521e-01 1.2 0.00e+00 0.0 1.8e+05 4.9e+02 0.0e+00  0  0 62 66  0   0  0 62 66  0     0
VecScatterEnd      50866 1.0 3.1696e+00 1.7 0.00e+00 0.0 0.0e+00 0.0e+00 0.0e+00  1  0  0  0  0   1  0  0  0  0     0
VecReduceArith      1697 1.0 6.6330e-03 1.1 4.58e+06 1.1 0.0e+00 0.0e+00 0.0e+00  0  0  0  0  0   0  0  0  0  0  1992
VecReduceComm        879 1.0 3.9687e-01 1.1 0.00e+00 0.0 0.0e+00 0.0e+00 8.8e+02  0  0  0  0  0   0  0  0  0  0     0
VecNormalize           1 1.0 5.9128e-05 1.1 5.06e+03 1.1 0.0e+00 0.0e+00 1.0e+00  0  0  0  0  0   0  0  0  0  0   247
MatMult            21435 1.0 4.6297e+01 1.1 7.82e+08 1.1 1.2e+05 4.7e+02 0.0e+00 11 20 41 42  0  11 20 41 42  0    48
MatSolve           21718 1.0 3.4238e+00 1.1 7.75e+08 1.1 0.0e+00 0.0e+00 0.0e+00  1 20  0  0  0   1 20  0  0  0   647
MatLUFactorNum       148 1.0 1.2837e-01 1.7 1.25e+07 2.2 0.0e+00 0.0e+00 0.0e+00  0  0  0  0  0   0  0  0  0  0   228
MatILUFactorSym       96 1.0 1.4215e-02 1.2 0.00e+00 0.0 0.0e+00 0.0e+00 9.6e+01  0  0  0  0  0   0  0  0  0  0     0
MatAssemblyBegin    1576 1.0 6.1223e+00 3.3 0.00e+00 0.0 4.8e+03 4.1e+03 2.6e+03  1  0  2 15  1   1  0  2 15  1     0
MatAssemblyEnd      1576 1.0 2.5325e+00 7.0 0.00e+00 0.0 1.9e+03 2.2e+01 8.9e+03  0  0  1  0  2   0  0  1  0  2     0
MatGetRowIJ           96 1.2 1.1611e-04 1.2 0.00e+00 0.0 0.0e+00 0.0e+00 0.0e+00  0  0  0  0  0   0  0  0  0  0     0
MatGetOrdering        96 1.2 7.3998e-03 1.3 0.00e+00 0.0 0.0e+00 0.0e+00 1.8e+02  0  0  0  0  0   0  0  0  0  0     0
MatZeroEntries       535 1.0 1.2413e-02 1.1 0.00e+00 0.0 0.0e+00 0.0e+00 0.0e+00  0  0  0  0  0   0  0  0  0  0     0
DMMeshGetGlobalScatter    9133 1.0 5.7852e+01 1.0 0.00e+00 0.0 5.5e+04 1.3e+02 9.1e+04 14  0 19  5 20  14  0 19  5 22     0
DMMeshAssembleMatrix  844765 1.0 1.6392e+01 1.0 0.00e+00 0.0 3.6e+01 1.0e+02 2.0e+00  4  0  0  0  0   4  0  0  0  0     0
DMMeshUpdateOperator  844765 1.0 3.1371e+00 1.0 0.00e+00 0.0 0.0e+00 0.0e+00 0.0e+00  1  0  0  0  0   1  0  0  0  0     0
stratify               2 1.0 2.0975e-01 4.5 0.00e+00 0.0 0.0e+00 0.0e+00 0.0e+00  0  0  0  0  0   0  0  0  0  0     0
DistributeMesh         1 1.0 1.6931e-01 1.1 0.00e+00 0.0 1.6e+01 7.1e+03 0.0e+00  0  0  0  0  0   0  0  0  0  0     0
PartitionCreate        1 1.0 4.3085e-02139.9 0.00e+00 0.0 0.0e+00 0.0e+00 0.0e+00  0  0  0  0  0   0  0  0  0  0     0
PartitionClosure       1 1.0 3.0665e-023062.3 0.00e+00 0.0 0.0e+00 0.0e+00 0.0e+00  0  0  0  0  0   0  0  0  0  0     0
DistributeCoords       1 1.0 1.8401e-02 5.0 0.00e+00 0.0 8.0e+00 5.7e+03 0.0e+00  0  0  0  0  0   0  0  0  0  0     0
DistributeLabels       1 1.0 6.3117e-02 1.1 0.00e+00 0.0 1.2e+01 1.9e+03 0.0e+00  0  0  0  0  0   0  0  0  0  0     0
CreateOverlap          1 1.0 3.2731e-0215.7 0.00e+00 0.0 0.0e+00 0.0e+00 5.0e+00  0  0  0  0  0   0  0  0  0  0     0
SNESSolve            344 1.0 3.8618e+02 1.0 3.83e+09 1.0 2.8e+05 4.2e+02 3.9e+05 95 99 97 90 87  95 99 97 90 95    29
SNESFunctionEval    1445 1.0 2.3489e+02 1.0 1.07e+09 1.0 1.4e+05 2.5e+02 1.7e+05 58 28 48 26 38  58 28 48 26 42    14
SNESJacobianEval     535 1.0 7.4569e+01 1.0 8.25e+08 1.0 2.1e+04 1.2e+03 3.1e+04 18 22  7 19  7  18 22  7 19  7    33
SNESLineSearch       535 1.0 1.8242e+02 1.0 8.22e+08 1.0 1.1e+05 2.5e+02 1.4e+05 45 22 38 21 31  45 22 38 21 34    13
KSPSetUp             683 1.0 2.8724e-01 1.1 0.00e+00 0.0 0.0e+00 0.0e+00 1.9e+02  0  0  0  0  0   0  0  0  0  0     0
KSPSolve             535 1.0 6.7624e+01 1.0 1.92e+09 1.1 1.2e+05 4.7e+02 1.7e+05 17 49 40 42 37  17 49 40 42 41    81
PCSetUp              296 1.0 5.3552e-01 1.1 1.25e+07 2.2 0.0e+00 0.0e+00 7.7e+02  0  0  0  0  0   0  0  0  0  0    55
PCSetUpOnBlocks      535 1.0 5.2793e-01 1.1 1.25e+07 2.2 0.0e+00 0.0e+00 3.9e+02  0  0  0  0  0   0  0  0  0  0    56
PCApply            21718 1.0 7.2329e+00 1.1 7.75e+08 1.1 0.0e+00 0.0e+00 4.3e+04  2 20  0  0 10   2 20  0  0 10   306
------------------------------------------------------------------------------------------------------------------------

Memory usage is given in bytes:

Object Type          Creations   Destructions     Memory  Descendants' Mem.
Reports information only for process 0.

--- Event Stage 0: Main Stage

           Container   175            171        93708     0
              Viewer    29             26        18512     0
              Vector 51223          51209    230696968     0
      Vector Scatter 10707          10702     10927528     0
              Matrix  1110           1104     11029492     0
   Matrix Null Space     1              0            0     0
    Distributed Mesh    10              7        30688     0
         SectionReal 31227          31226     19235216     0
     Bipartite Graph    20             14         9576     0
           Index Set 62831          62447     47761996     0
   IS L to G Mapping     2              0            0     0
                SNES     2              2         2556     0
      SNESLineSearch     2              2         1672     0
       Krylov Solver     4              4         4736     0
      Preconditioner     4              4         3568     0
========================================================================================================================
Average time to get PetscTime(): 0
Average time for MPI_Barrier(): 1.62125e-06
Average time for zero size MPI_Send(): 1.03315e-06
#PETSc Option Table entries:
-boundaryDisplacement_scaling linear
-cs0001_FractureToughness 1.
-cs0001_damageBC no
-cs0001_damage_type AT1
-cs0001_displacementbc no,no,no
-cs0001_hookesLaw_PlaneStress 0
-cs0001_hookesLaw_PoissonRatio 0.
-cs0001_hookesLaw_YoungsModulus 1.
-cs0001_hookesLaw_type isotropic
-cs0001_internallength .05
-cs0001_plasticity_type NONE
-cs0001_residualstiffness 0.
-cs0002_FractureToughness 1.
-cs0002_boundaryDamage 1.
-cs0002_damageBC yes
-cs0002_damage_type AT1
-cs0002_displacementbc no,no,no
-cs0002_hookesLaw_PlaneStress 0
-cs0002_hookesLaw_PoissonRatio 0.
-cs0002_hookesLaw_YoungsModulus 1.
-cs0002_hookesLaw_type isotropic
-cs0002_internallength .05
-cs0002_plasticity_type NONE
-cs0002_residualstiffness 0.
-cs0030_boundaryDisplacement 0.,-0.5,0.
-cs0030_damageBC no
-cs0030_displacementbc yes,yes,no
-cs0040_boundaryDisplacement 0.,0.5,0.
-cs0040_damageBC no
-cs0040_displacementbc yes,yes,no
-cs0050_FractureToughness 1.
-cs0050_boundaryDamage 1.
-cs0050_damageBC yes
-cs0050_damage_type AT1
-cs0050_displacementbc no,no,no
-cs0050_hookesLaw_PlaneStress 0
-cs0050_hookesLaw_PoissonRatio 0.
-cs0050_hookesLaw_YoungsModulus 1.
-cs0050_hookesLaw_type isotropic
-cs0050_internallength .05
-cs0050_plasticity_type NONE
-cs0050_residualstiffness 0.
-defmech_irrevthres 0.
-defmech_mode quasistatic
-heatxfer_mode null
-options_file_yaml InitialCrackDamaged.yaml
-prefix InitialCrackThick
-temperature_offset 0
-time_max 2.5
-time_min 0
-time_numstep 21
-verbose 1
#End of PETSc Option Table entries
Compiled without FORTRAN kernels
Compiled with full precision matrices (default)
sizeof(short) 2 sizeof(int) 4 sizeof(long) 8 sizeof(void*) 8 sizeof(PetscScalar) 8 sizeof(PetscInt) 4
Configure run at: Thu Jul 27 22:24:01 2017
Configure options: --download-chaco=1 --download-exodusii=1 --download-hypre=1 --download-ml=1 --download-netcdf=ftp://ftp.unidata.ucar.edu/pub/netcdf/netcdf-4.3.3.1.tar.gz --download-yaml=1 --with-boost=1 --with-boost-dir=/usr/local --with-clanguage=C++ --with-cmake=cmake --with-debugging=1 --with-fortran-datatypes=1 --with-shared-libraries=1 --with-sieve --with-sieve-memory-logging --with-x11=1 --with-clib-autodetect=0 --with-fortranlib-autodetect=0
-----------------------------------------
Libraries compiled on Thu Jul 27 22:24:01 2017 on Blaises-Laptop.local 
Machine characteristics: Darwin-16.7.0-x86_64-i386-64bit
Using PETSc directory: /opt/HPC/petsc-3.3-p7
Using PETSc arch: Darwin-gcc7.1-mef90-g
-----------------------------------------

Using C compiler: mpicxx  -Wall -Wwrite-strings -Wno-strict-aliasing -Wno-unknown-pragmas -g   -fPIC   ${COPTFLAGS} ${CFLAGS}
Using Fortran compiler: mpif90  -fPIC -Wall -Wno-unused-variable -g   ${FOPTFLAGS} ${FFLAGS} 
-----------------------------------------

Using include paths: -I/opt/HPC/petsc-3.3-p7/Darwin-gcc7.1-mef90-g/include -I/opt/HPC/petsc-3.3-p7/include -I/opt/HPC/petsc-3.3-p7/include -I/opt/HPC/petsc-3.3-p7/Darwin-gcc7.1-mef90-g/include -I/usr/X11R6/include -I/opt/HPC/petsc-3.3-p7/include/sieve -I/usr/local/include -I/opt/HPC/petsc-3.3-p7/Darwin-gcc7.1-mef90-g/cbind/include -I/opt/HPC/petsc-3.3-p7/Darwin-gcc7.1-mef90-g/forbind/include -I/usr/local/Cellar/mpich/3.2_3/include
-----------------------------------------

Using C linker: mpicxx
Using Fortran linker: mpif90
Using libraries: -L/opt/HPC/petsc-3.3-p7/Darwin-gcc7.1-mef90-g/lib -L/opt/HPC/petsc-3.3-p7/Darwin-gcc7.1-mef90-g/lib -lpetsc -L/usr/X11R6/lib -lX11 -L/opt/HPC/petsc-3.3-p7/Darwin-gcc7.1-mef90-g/lib -lchaco -lHYPRE -lml -lpthread -lyaml -llapack -lblas -lexoIIv2for -lexodus -lnetcdf -lto_library -L/Applications/Xcode.app/Contents/Developer/Toolchains/XcodeDefault.xctoolchain/usr/lib  -lLTO -L/usr/local/Cellar/mpich/3.2_3/lib -ldl -lmpicxx -lmpi -lpmpi -lc++ -lSystem -L/Applications/Xcode.app/Contents/Developer/Toolchains/XcodeDefault.xctoolchain/usr/bin/../lib/clang/8.1.0/lib/darwin  -lclang_rt.osx -ldl 
-----------------------------------------

