************************************************************************************************************************
***             WIDEN YOUR WINDOW TO 120 CHARACTERS.  Use 'enscript -r -fCourier9' to print this document            ***
************************************************************************************************************************

---------------------------------------------- PETSc Performance Summary: ----------------------------------------------

vDef on a Darwin-gcc7.1-mef90-g named Blaises-Laptop.local with 2 processors, by blaise Thu Aug 17 21:40:24 2017
Using Petsc Release Version 3.3.0, Patch 7, Sat May 11 22:15:24 CDT 2013 

                         Max       Max/Min        Avg      Total 
Time (sec):           2.829e+02      1.00000   2.829e+02
Objects:              1.618e+05      1.00001   1.618e+05
Flops:                5.014e+09      1.01836   4.969e+09  9.938e+09
Flops/sec:            1.773e+07      1.01836   1.757e+07  3.513e+07
Memory:               3.266e+06      1.05927              6.349e+06
MPI Messages:         5.114e+04      1.00000   5.114e+04  1.023e+05
MPI Message Lengths:  3.104e+07      1.00281   6.062e+02  6.200e+07
MPI Reductions:       4.520e+05      1.00000

Flop counting convention: 1 flop = 1 real number operation of type (multiply/divide/add/subtract)
                            e.g., VecAXPY() for real vectors of length N --> 2N flops
                            and VecAXPY() for complex vectors of length N --> 8N flops

Summary of Stages:   ----- Time ------  ----- Flops -----  --- Messages ---  -- Message Lengths --  -- Reductions --
                        Avg     %Total     Avg     %Total   counts   %Total     Avg         %Total   counts   %Total 
 0:      Main Stage: 2.8280e+02 100.0%  9.9382e+09 100.0%  1.022e+05 100.0%  6.062e+02      100.0%  4.131e+05  91.4% 

------------------------------------------------------------------------------------------------------------------------
See the 'Profiling' chapter of the users' manual for details on interpreting output.
Phase summary info:
   Count: number of times phase was executed
   Time and Flops: Max - maximum over all processors
                   Ratio - ratio of maximum to minimum over all processors
   Mess: number of messages sent
   Avg. len: average message length
   Reduct: number of global reductions
   Global: entire computation
   Stage: stages of a computation. Set stages with PetscLogStagePush() and PetscLogStagePop().
      %T - percent time in this phase         %f - percent flops in this phase
      %M - percent messages in this phase     %L - percent message lengths in this phase
      %R - percent reductions in this phase
   Total Mflop/s: 10e-6 * (sum of flops over all processors)/(max time over all processors)
------------------------------------------------------------------------------------------------------------------------


      ##########################################################
      #                                                        #
      #                          WARNING!!!                    #
      #                                                        #
      #   This code was compiled with a debugging option,      #
      #   To get timing results run ./configure                #
      #   using --with-debugging=no, the performance will      #
      #   be generally two or three times faster.              #
      #                                                        #
      ##########################################################


Event                Count      Time (sec)     Flops                             --- Global ---  --- Stage ---   Total
                   Max Ratio  Max     Ratio   Max  Ratio  Mess   Avg len Reduct  %T %f %M %L %R  %T %f %M %L %R Mflop/s
------------------------------------------------------------------------------------------------------------------------

--- Event Stage 0: Main Stage

VecMax               162 1.0 1.1723e-03 1.1 0.00e+00 0.0 0.0e+00 0.0e+00 1.6e+02  0  0  0  0  0   0  0  0  0  0     0
VecMin               162 1.0 1.8375e-03 1.1 0.00e+00 0.0 0.0e+00 0.0e+00 1.6e+02  0  0  0  0  0   0  0  0  0  0     0
VecDot               257 1.0 1.0648e-02 1.1 5.69e+05 1.0 0.0e+00 0.0e+00 2.6e+02  0  0  0  0  0   0  0  0  0  0   105
VecMDot                1 1.0 1.8120e-05 1.0 8.86e+03 1.0 0.0e+00 0.0e+00 1.0e+00  0  0  0  0  0   0  0  0  0  0   961
VecTDot            39404 1.0 7.8145e-01 1.1 1.44e+08 1.0 0.0e+00 0.0e+00 3.9e+04  0  3  0  0  9   0  3  0  0 10   362
VecNorm            21832 1.0 4.8584e-01 1.7 7.80e+07 1.0 0.0e+00 0.0e+00 2.2e+04  0  2  0  0  5   0  2  0  0  5   315
VecScale              85 1.0 4.5013e-04 1.1 2.17e+05 1.0 0.0e+00 0.0e+00 0.0e+00  0  0  0  0  0   0  0  0  0  0   963
VecCopy             3051 1.0 1.5937e-02 1.1 0.00e+00 0.0 0.0e+00 0.0e+00 0.0e+00  0  0  0  0  0   0  0  0  0  0     0
VecSet             25128 1.0 5.2168e-02 1.1 0.00e+00 0.0 0.0e+00 0.0e+00 0.0e+00  0  0  0  0  0   0  0  0  0  0     0
VecAXPY            40604 1.0 1.2198e-01 1.1 1.49e+08 1.0 0.0e+00 0.0e+00 0.0e+00  0  3  0  0  0   0  3  0  0  0  2392
VecAYPX            19702 1.0 1.4167e-01 1.1 7.13e+07 1.0 0.0e+00 0.0e+00 0.0e+00  0  1  0  0  0   0  1  0  0  0   988
VecWAXPY             419 1.0 3.5567e-03 1.1 6.31e+05 1.0 0.0e+00 0.0e+00 0.0e+00  0  0  0  0  0   0  0  0  0  0   352
VecMAXPY               1 1.0 9.7752e-06 1.0 8.86e+03 1.0 0.0e+00 0.0e+00 0.0e+00  0  0  0  0  0   0  0  0  0  0  1782
VecAssemblyBegin    1562 1.0 3.4702e-02 1.0 0.00e+00 0.0 9.2e+02 1.2e+01 4.7e+03  0  0  1  0  1   0  0  1  0  1     0
VecAssemblyEnd      1562 1.0 5.9736e-03 1.0 0.00e+00 0.0 0.0e+00 0.0e+00 0.0e+00  0  0  0  0  0   0  0  0  0  0     0
VecScatterBegin    51227 1.0 4.2543e-01 1.1 0.00e+00 0.0 6.2e+04 6.2e+02 0.0e+00  0  0 61 62  0   0  0 61 62  0     0
VecScatterEnd      50583 1.0 2.6758e-01 1.0 0.00e+00 0.0 0.0e+00 0.0e+00 0.0e+00  0  0  0  0  0   0  0  0  0  0     0
VecReduceArith      1735 1.0 5.5158e-03 1.1 6.19e+06 1.0 0.0e+00 0.0e+00 0.0e+00  0  0  0  0  0   0  0  0  0  0  2205
VecReduceComm        880 1.0 3.2822e-02 1.2 0.00e+00 0.0 0.0e+00 0.0e+00 8.8e+02  0  0  0  0  0   0  0  0  0  0     0
VecNormalize           1 1.0 5.1022e-05 1.0 6.65e+03 1.0 0.0e+00 0.0e+00 1.0e+00  0  0  0  0  0   0  0  0  0  0   256
MatMult            20515 1.0 2.5647e+01 1.0 9.63e+08 1.0 4.1e+04 5.8e+02 0.0e+00  9 19 40 38  0   9 19 40 38  0    74
MatSolve           20814 1.0 2.7533e+00 1.0 9.65e+08 1.0 0.0e+00 0.0e+00 0.0e+00  1 19  0  0  0   1 19  0  0  0   688
MatLUFactorNum       172 1.0 7.8305e-02 1.0 7.76e+06 1.1 0.0e+00 0.0e+00 0.0e+00  0  0  0  0  0   0  0  0  0  0   193
MatILUFactorSym      129 1.0 1.2751e-02 1.0 0.00e+00 0.0 0.0e+00 0.0e+00 1.3e+02  0  0  0  0  0   0  0  0  0  0     0
MatAssemblyBegin    1628 1.0 4.8561e-01 2.9 0.00e+00 0.0 1.7e+03 4.9e+03 2.7e+03  0  0  2 13  1   0  0  2 13  1     0
MatAssemblyEnd      1628 1.0 1.1257e+00 5.8 0.00e+00 0.0 1.0e+03 4.4e+01 9.1e+03  0  0  1  0  2   0  0  1  0  2     0
MatGetRowIJ          129 1.0 1.4186e-04 1.0 0.00e+00 0.0 0.0e+00 0.0e+00 0.0e+00  0  0  0  0  0   0  0  0  0  0     0
MatGetOrdering       129 1.0 8.0593e-03 1.0 0.00e+00 0.0 0.0e+00 0.0e+00 2.6e+02  0  0  0  0  0   0  0  0  0  0     0
MatZeroEntries       556 1.0 1.4926e-02 1.0 0.00e+00 0.0 0.0e+00 0.0e+00 0.0e+00  0  0  0  0  0   0  0  0  0  0     0
DMMeshGetGlobalScatter    9427 1.0 3.9948e+01 1.0 0.00e+00 0.0 1.9e+04 1.5e+02 9.4e+04 14  0 18  5 21  14  0 18  5 23     0
DMMeshAssembleMatrix 1160372 1.0 1.5111e+01 1.0 0.00e+00 0.0 1.2e+01 1.2e+02 2.0e+00  5  0  0  0  0   5  0  0  0  0     0
DMMeshUpdateOperator 1160372 1.0 2.8978e+00 1.0 0.00e+00 0.0 0.0e+00 0.0e+00 0.0e+00  1  0  0  0  0   1  0  0  0  0     0
stratify               2 1.0 1.6578e-01 3.0 0.00e+00 0.0 0.0e+00 0.0e+00 0.0e+00  0  0  0  0  0   0  0  0  0  0     0
DistributeMesh         1 1.0 1.5162e-01 1.2 0.00e+00 0.0 8.0e+00 9.5e+03 0.0e+00  0  0  0  0  0   0  0  0  0  0     0
PartitionCreate        1 1.0 2.8543e-02119.8 0.00e+00 0.0 0.0e+00 0.0e+00 0.0e+00  0  0  0  0  0   0  0  0  0  0     0
PartitionClosure       1 1.0 1.9741e-022178.9 0.00e+00 0.0 0.0e+00 0.0e+00 0.0e+00  0  0  0  0  0   0  0  0  0  0     0
DistributeCoords       1 1.0 1.7035e-02 7.3 0.00e+00 0.0 4.0e+00 7.5e+03 0.0e+00  0  0  0  0  0   0  0  0  0  0     0
DistributeLabels       1 1.0 4.0307e-02 1.0 0.00e+00 0.0 6.0e+00 2.5e+03 0.0e+00  0  0  0  0  0   0  0  0  0  0     0
CreateOverlap          1 1.0 4.2614e-0228.3 0.00e+00 0.0 0.0e+00 0.0e+00 5.0e+00  0  0  0  0  0   0  0  0  0  0     0
SNESSolve            324 1.0 2.6772e+02 1.0 4.98e+09 1.0 9.9e+04 5.4e+02 3.9e+05 95 99 97 86 87  95 99 97 86 95    37
SNESFunctionEval    1478 1.0 1.7071e+02 1.0 1.46e+09 1.0 4.7e+04 3.0e+02 1.8e+05 60 29 46 23 39  60 29 46 23 43    17
SNESJacobianEval     556 1.0 5.6594e+01 1.0 1.14e+09 1.0 7.7e+03 1.4e+03 3.2e+04 20 23  7 17  7  20 23  7 17  8    40
SNESLineSearch       556 1.0 1.3640e+02 1.0 1.14e+09 1.0 3.8e+04 3.1e+02 1.5e+05 48 23 37 19 33  48 23 37 19 36    17
KSPSetUp             728 1.0 2.6275e-02 1.1 0.00e+00 0.0 0.0e+00 0.0e+00 2.6e+02  0  0  0  0  0   0  0  0  0  0     0
KSPSolve             556 1.0 3.6025e+01 1.0 2.37e+09 1.0 4.1e+04 5.8e+02 1.6e+05 13 47 40 38 36  13 47 40 38 39   129
PCSetUp              344 1.0 4.0648e-01 1.0 7.76e+06 1.1 0.0e+00 0.0e+00 1.0e+03  0  0  0  0  0   0  0  0  0  0    37
PCSetUpOnBlocks      556 1.0 4.0074e-01 1.0 7.76e+06 1.1 0.0e+00 0.0e+00 5.2e+02  0  0  0  0  0   0  0  0  0  0    38
PCApply            20814 1.0 5.5245e+00 1.0 9.65e+08 1.0 0.0e+00 0.0e+00 4.2e+04  2 19  0  0  9   2 19  0  0 10   343
------------------------------------------------------------------------------------------------------------------------

Memory usage is given in bytes:

Object Type          Creations   Destructions     Memory  Descendants' Mem.
Reports information only for process 0.

--- Event Stage 0: Main Stage

           Container   165            161        88228     0
              Viewer    29             26        18512     0
              Vector 52697          52683    283623472     0
      Vector Scatter 10982          10977     11219084     0
              Matrix  1163           1157     11548592     0
   Matrix Null Space     1              0            0     0
    Distributed Mesh    10              7        30688     0
         SectionReal 32048          32047     19740952     0
     Bipartite Graph    20             14         9576     0
           Index Set 64660          64292     49822700     0
   IS L to G Mapping     2              0            0     0
                SNES     2              2         2556     0
      SNESLineSearch     2              2         1672     0
       Krylov Solver     4              4         4736     0
      Preconditioner     4              4         3568     0
========================================================================================================================
Average time to get PetscTime(): 9.53674e-08
Average time for MPI_Barrier(): 8.10623e-07
Average time for zero size MPI_Send(): 1.54972e-06
#PETSc Option Table entries:
-boundaryDisplacement_scaling linear
-cs0001_FractureToughness 1.
-cs0001_damageBC no
-cs0001_damage_type AT1
-cs0001_displacementbc no,no,no
-cs0001_hookesLaw_PlaneStress 0
-cs0001_hookesLaw_PoissonRatio 0.
-cs0001_hookesLaw_YoungsModulus 1.
-cs0001_hookesLaw_type isotropic
-cs0001_internallength .05
-cs0001_plasticity_type NONE
-cs0001_residualstiffness 0.
-cs0030_boundaryDisplacement 0.,-0.5,0.
-cs0030_damageBC no
-cs0030_displacementbc yes,yes,no
-cs0040_boundaryDisplacement 0.,0.5,0.
-cs0040_damageBC no
-cs0040_displacementbc yes,yes,no
-cs0050_FractureToughness 1.
-cs0050_boundaryDamage 1.
-cs0050_damageBC yes
-cs0050_damage_type AT1
-cs0050_displacementbc no,no,no
-cs0050_hookesLaw_PlaneStress 0
-cs0050_hookesLaw_PoissonRatio 0.
-cs0050_hookesLaw_YoungsModulus 1.
-cs0050_hookesLaw_type isotropic
-cs0050_internallength .05
-cs0050_plasticity_type NONE
-cs0050_residualstiffness 0.
-defmech_irrevthres 0.
-defmech_mode quasistatic
-heatxfer_mode null
-options_file_yaml InitialCrackUndamaged.yaml
-prefix InitialCrackReal
-temperature_offset 0
-time_max 2.5
-time_min 0
-time_numstep 21
-verbose 1
#End of PETSc Option Table entries
Compiled without FORTRAN kernels
Compiled with full precision matrices (default)
sizeof(short) 2 sizeof(int) 4 sizeof(long) 8 sizeof(void*) 8 sizeof(PetscScalar) 8 sizeof(PetscInt) 4
Configure run at: Thu Jul 27 22:24:01 2017
Configure options: --download-chaco=1 --download-exodusii=1 --download-hypre=1 --download-ml=1 --download-netcdf=ftp://ftp.unidata.ucar.edu/pub/netcdf/netcdf-4.3.3.1.tar.gz --download-yaml=1 --with-boost=1 --with-boost-dir=/usr/local --with-clanguage=C++ --with-cmake=cmake --with-debugging=1 --with-fortran-datatypes=1 --with-shared-libraries=1 --with-sieve --with-sieve-memory-logging --with-x11=1 --with-clib-autodetect=0 --with-fortranlib-autodetect=0
-----------------------------------------
Libraries compiled on Thu Jul 27 22:24:01 2017 on Blaises-Laptop.local 
Machine characteristics: Darwin-16.7.0-x86_64-i386-64bit
Using PETSc directory: /opt/HPC/petsc-3.3-p7
Using PETSc arch: Darwin-gcc7.1-mef90-g
-----------------------------------------

Using C compiler: mpicxx  -Wall -Wwrite-strings -Wno-strict-aliasing -Wno-unknown-pragmas -g   -fPIC   ${COPTFLAGS} ${CFLAGS}
Using Fortran compiler: mpif90  -fPIC -Wall -Wno-unused-variable -g   ${FOPTFLAGS} ${FFLAGS} 
-----------------------------------------

Using include paths: -I/opt/HPC/petsc-3.3-p7/Darwin-gcc7.1-mef90-g/include -I/opt/HPC/petsc-3.3-p7/include -I/opt/HPC/petsc-3.3-p7/include -I/opt/HPC/petsc-3.3-p7/Darwin-gcc7.1-mef90-g/include -I/usr/X11R6/include -I/opt/HPC/petsc-3.3-p7/include/sieve -I/usr/local/include -I/opt/HPC/petsc-3.3-p7/Darwin-gcc7.1-mef90-g/cbind/include -I/opt/HPC/petsc-3.3-p7/Darwin-gcc7.1-mef90-g/forbind/include -I/usr/local/Cellar/mpich/3.2_3/include
-----------------------------------------

Using C linker: mpicxx
Using Fortran linker: mpif90
Using libraries: -L/opt/HPC/petsc-3.3-p7/Darwin-gcc7.1-mef90-g/lib -L/opt/HPC/petsc-3.3-p7/Darwin-gcc7.1-mef90-g/lib -lpetsc -L/usr/X11R6/lib -lX11 -L/opt/HPC/petsc-3.3-p7/Darwin-gcc7.1-mef90-g/lib -lchaco -lHYPRE -lml -lpthread -lyaml -llapack -lblas -lexoIIv2for -lexodus -lnetcdf -lto_library -L/Applications/Xcode.app/Contents/Developer/Toolchains/XcodeDefault.xctoolchain/usr/lib  -lLTO -L/usr/local/Cellar/mpich/3.2_3/lib -ldl -lmpicxx -lmpi -lpmpi -lc++ -lSystem -L/Applications/Xcode.app/Contents/Developer/Toolchains/XcodeDefault.xctoolchain/usr/bin/../lib/clang/8.1.0/lib/darwin  -lclang_rt.osx -ldl 
-----------------------------------------

